{
  "uid" : "2aa4831a49da1f53",
  "name" : "test_invalid_password_registration",
  "fullName" : "test.test_register_page.TestRegisterPage#test_invalid_password_registration",
  "historyId" : "01b438911ee3bb8991a6fe66fdbb827e",
  "time" : {
    "start" : 1650553752240,
    "stop" : 1650553752240,
    "duration" : 0
  },
  "description" : "\n        Регистрация с разными паролями.\n        ",
  "descriptionHtml" : "<pre><code>    Регистрация с разными паролями.\n</code></pre>\n",
  "status" : "broken",
  "statusMessage" : "selenium.common.exceptions.WebDriverException: Message: unknown error: Chrome failed to start: exited abnormally.\n  (unknown error: DevToolsActivePort file doesn't exist)\n  (The process started from chrome location /usr/bin/google-chrome is no longer running, so ChromeDriver is assuming that Chrome has crashed.)\nStacktrace:\n#0 0x55c173a49ad3 <unknown>\n#1 0x55c1737a9568 <unknown>\n#2 0x55c1737ccb37 <unknown>\n#3 0x55c1737c823a <unknown>\n#4 0x55c1738032ba <unknown>\n#5 0x55c1737fd4e3 <unknown>\n#6 0x55c1737d2d1a <unknown>\n#7 0x55c1737d3e75 <unknown>\n#8 0x55c173a77efd <unknown>\n#9 0x55c173a9119b <unknown>\n#10 0x55c173a79c65 <unknown>\n#11 0x55c173a91ec8 <unknown>\n#12 0x55c173a6d360 <unknown>\n#13 0x55c173aada68 <unknown>\n#14 0x55c173aadbe8 <unknown>\n#15 0x55c173ac77fd <unknown>\n#16 0x7fc715504609 <unknown>",
  "statusTrace" : "request = <SubRequest 'app' for <Function test_invalid_password_registration>>\n\n    @pytest.fixture\n    def app(request):\n        url = request.config.getoption(\"--url\")\n        logger.info(f\"Start app on {url}\")\n        headless = request.config.getoption(\"--headless\")\n        chrome_options = Options()\n        chrome_options.add_argument(\"window-size=1800,1080\")\n        if headless:\n            chrome_options.headless = True\n        else:\n            chrome_options.headless = False\n>       driver = webdriver.Chrome(ChromeDriverManager().install(),\n                                  options=chrome_options)\n\nconftest.py:38: \n_ _ _ _ _ _ _ _ _ _ _ _ _ _ _ _ _ _ _ _ _ _ _ _ _ _ _ _ _ _ _ _ _ _ _ _ _ _ _ _ \n../../../.local/lib/python3.8/site-packages/selenium/webdriver/chrome/webdriver.py:70: in __init__\n    super(WebDriver, self).__init__(DesiredCapabilities.CHROME['browserName'], \"goog\",\n../../../.local/lib/python3.8/site-packages/selenium/webdriver/chromium/webdriver.py:93: in __init__\n    RemoteWebDriver.__init__(\n../../../.local/lib/python3.8/site-packages/selenium/webdriver/remote/webdriver.py:269: in __init__\n    self.start_session(capabilities, browser_profile)\n../../../.local/lib/python3.8/site-packages/selenium/webdriver/remote/webdriver.py:360: in start_session\n    response = self.execute(Command.NEW_SESSION, parameters)\n../../../.local/lib/python3.8/site-packages/selenium/webdriver/remote/webdriver.py:425: in execute\n    self.error_handler.check_response(response)\n_ _ _ _ _ _ _ _ _ _ _ _ _ _ _ _ _ _ _ _ _ _ _ _ _ _ _ _ _ _ _ _ _ _ _ _ _ _ _ _ \n\nself = <selenium.webdriver.remote.errorhandler.ErrorHandler object at 0x7fc593da5c10>\nresponse = {'status': 500, 'value': '{\"value\":{\"error\":\"unknown error\",\"message\":\"unknown error: Chrome failed to start: exited a...\\\\n#14 0x55c173aadbe8 \\\\u003Cunknown>\\\\n#15 0x55c173ac77fd \\\\u003Cunknown>\\\\n#16 0x7fc715504609 \\\\u003Cunknown>\\\\n\"}}'}\n\n    def check_response(self, response: Dict[str, Any]) -> None:\n        \"\"\"\n        Checks that a JSON response from the WebDriver does not have an error.\n    \n        :Args:\n         - response - The JSON response from the WebDriver server as a dictionary\n           object.\n    \n        :Raises: If the response contains an error message.\n        \"\"\"\n        status = response.get('status', None)\n        if not status or status == ErrorCode.SUCCESS:\n            return\n        value = None\n        message = response.get(\"message\", \"\")\n        screen: str = response.get(\"screen\", \"\")\n        stacktrace = None\n        if isinstance(status, int):\n            value_json = response.get('value', None)\n            if value_json and isinstance(value_json, str):\n                import json\n                try:\n                    value = json.loads(value_json)\n                    if len(value.keys()) == 1:\n                        value = value['value']\n                    status = value.get('error', None)\n                    if not status:\n                        status = value.get(\"status\", ErrorCode.UNKNOWN_ERROR)\n                        message = value.get(\"value\") or value.get(\"message\")\n                        if not isinstance(message, str):\n                            value = message\n                            message = message.get('message')\n                    else:\n                        message = value.get('message', None)\n                except ValueError:\n                    pass\n    \n        exception_class: Type[WebDriverException]\n        if status in ErrorCode.NO_SUCH_ELEMENT:\n            exception_class = NoSuchElementException\n        elif status in ErrorCode.NO_SUCH_FRAME:\n            exception_class = NoSuchFrameException\n        elif status in ErrorCode.NO_SUCH_SHADOW_ROOT:\n            exception_class = NoSuchShadowRootException\n        elif status in ErrorCode.NO_SUCH_WINDOW:\n            exception_class = NoSuchWindowException\n        elif status in ErrorCode.STALE_ELEMENT_REFERENCE:\n            exception_class = StaleElementReferenceException\n        elif status in ErrorCode.ELEMENT_NOT_VISIBLE:\n            exception_class = ElementNotVisibleException\n        elif status in ErrorCode.INVALID_ELEMENT_STATE:\n            exception_class = InvalidElementStateException\n        elif status in ErrorCode.INVALID_SELECTOR \\\n                or status in ErrorCode.INVALID_XPATH_SELECTOR \\\n                or status in ErrorCode.INVALID_XPATH_SELECTOR_RETURN_TYPER:\n            exception_class = InvalidSelectorException\n        elif status in ErrorCode.ELEMENT_IS_NOT_SELECTABLE:\n            exception_class = ElementNotSelectableException\n        elif status in ErrorCode.ELEMENT_NOT_INTERACTABLE:\n            exception_class = ElementNotInteractableException\n        elif status in ErrorCode.INVALID_COOKIE_DOMAIN:\n            exception_class = InvalidCookieDomainException\n        elif status in ErrorCode.UNABLE_TO_SET_COOKIE:\n            exception_class = UnableToSetCookieException\n        elif status in ErrorCode.TIMEOUT:\n            exception_class = TimeoutException\n        elif status in ErrorCode.SCRIPT_TIMEOUT:\n            exception_class = TimeoutException\n        elif status in ErrorCode.UNKNOWN_ERROR:\n            exception_class = WebDriverException\n        elif status in ErrorCode.UNEXPECTED_ALERT_OPEN:\n            exception_class = UnexpectedAlertPresentException\n        elif status in ErrorCode.NO_ALERT_OPEN:\n            exception_class = NoAlertPresentException\n        elif status in ErrorCode.IME_NOT_AVAILABLE:\n            exception_class = ImeNotAvailableException\n        elif status in ErrorCode.IME_ENGINE_ACTIVATION_FAILED:\n            exception_class = ImeActivationFailedException\n        elif status in ErrorCode.MOVE_TARGET_OUT_OF_BOUNDS:\n            exception_class = MoveTargetOutOfBoundsException\n        elif status in ErrorCode.JAVASCRIPT_ERROR:\n            exception_class = JavascriptException\n        elif status in ErrorCode.SESSION_NOT_CREATED:\n            exception_class = SessionNotCreatedException\n        elif status in ErrorCode.INVALID_ARGUMENT:\n            exception_class = InvalidArgumentException\n        elif status in ErrorCode.NO_SUCH_COOKIE:\n            exception_class = NoSuchCookieException\n        elif status in ErrorCode.UNABLE_TO_CAPTURE_SCREEN:\n            exception_class = ScreenshotException\n        elif status in ErrorCode.ELEMENT_CLICK_INTERCEPTED:\n            exception_class = ElementClickInterceptedException\n        elif status in ErrorCode.INSECURE_CERTIFICATE:\n            exception_class = InsecureCertificateException\n        elif status in ErrorCode.INVALID_COORDINATES:\n            exception_class = InvalidCoordinatesException\n        elif status in ErrorCode.INVALID_SESSION_ID:\n            exception_class = InvalidSessionIdException\n        elif status in ErrorCode.UNKNOWN_METHOD:\n            exception_class = UnknownMethodException\n        else:\n            exception_class = WebDriverException\n        if not value:\n            value = response['value']\n        if isinstance(value, str):\n            raise exception_class(value)\n        if message == \"\" and 'message' in value:\n            message = value['message']\n    \n        screen = None  # type: ignore[assignment]\n        if 'screen' in value:\n            screen = value['screen']\n    \n        stacktrace = None\n        st_value = value.get('stackTrace') or value.get('stacktrace')\n        if st_value:\n            if isinstance(st_value, str):\n                stacktrace = st_value.split('\\n')\n            else:\n                stacktrace = []\n                try:\n                    for frame in st_value:\n                        line = self._value_or_default(frame, 'lineNumber', '')\n                        file = self._value_or_default(frame, 'fileName', '<anonymous>')\n                        if line:\n                            file = \"%s:%s\" % (file, line)\n                        meth = self._value_or_default(frame, 'methodName', '<anonymous>')\n                        if 'className' in frame:\n                            meth = \"%s.%s\" % (frame['className'], meth)\n                        msg = \"    at %s (%s)\"\n                        msg = msg % (meth, file)\n                        stacktrace.append(msg)\n                except TypeError:\n                    pass\n        if exception_class == UnexpectedAlertPresentException:\n            alert_text = None\n            if 'data' in value:\n                alert_text = value['data'].get('text')\n            elif 'alert' in value:\n                alert_text = value['alert'].get('text')\n            raise exception_class(message, screen, stacktrace, alert_text)  # type: ignore[call-arg]  # mypy is not smart enough here\n>       raise exception_class(message, screen, stacktrace)\nE       selenium.common.exceptions.WebDriverException: Message: unknown error: Chrome failed to start: exited abnormally.\nE         (unknown error: DevToolsActivePort file doesn't exist)\nE         (The process started from chrome location /usr/bin/google-chrome is no longer running, so ChromeDriver is assuming that Chrome has crashed.)\nE       Stacktrace:\nE       #0 0x55c173a49ad3 <unknown>\nE       #1 0x55c1737a9568 <unknown>\nE       #2 0x55c1737ccb37 <unknown>\nE       #3 0x55c1737c823a <unknown>\nE       #4 0x55c1738032ba <unknown>\nE       #5 0x55c1737fd4e3 <unknown>\nE       #6 0x55c1737d2d1a <unknown>\nE       #7 0x55c1737d3e75 <unknown>\nE       #8 0x55c173a77efd <unknown>\nE       #9 0x55c173a9119b <unknown>\nE       #10 0x55c173a79c65 <unknown>\nE       #11 0x55c173a91ec8 <unknown>\nE       #12 0x55c173a6d360 <unknown>\nE       #13 0x55c173aada68 <unknown>\nE       #14 0x55c173aadbe8 <unknown>\nE       #15 0x55c173ac77fd <unknown>\nE       #16 0x7fc715504609 <unknown>\n\n../../../.local/lib/python3.8/site-packages/selenium/webdriver/remote/errorhandler.py:247: WebDriverException",
  "flaky" : false,
  "newFailed" : false,
  "beforeStages" : [ {
    "name" : "app",
    "time" : {
      "start" : 1650553752240,
      "stop" : 1650553753934,
      "duration" : 1694
    },
    "status" : "broken",
    "statusMessage" : "selenium.common.exceptions.WebDriverException: Message: unknown error: Chrome failed to start: exited abnormally.\n  (unknown error: DevToolsActivePort file doesn't exist)\n  (The process started from chrome location /usr/bin/google-chrome is no longer running, so ChromeDriver is assuming that Chrome has crashed.)\nStacktrace:\n#0 0x55c173a49ad3 <unknown>\n#1 0x55c1737a9568 <unknown>\n#2 0x55c1737ccb37 <unknown>\n#3 0x55c1737c823a <unknown>\n#4 0x55c1738032ba <unknown>\n#5 0x55c1737fd4e3 <unknown>\n#6 0x55c1737d2d1a <unknown>\n#7 0x55c1737d3e75 <unknown>\n#8 0x55c173a77efd <unknown>\n#9 0x55c173a9119b <unknown>\n#10 0x55c173a79c65 <unknown>\n#11 0x55c173a91ec8 <unknown>\n#12 0x55c173a6d360 <unknown>\n#13 0x55c173aada68 <unknown>\n#14 0x55c173aadbe8 <unknown>\n#15 0x55c173ac77fd <unknown>\n#16 0x7fc715504609 <unknown>\n\n",
    "statusTrace" : "  File \"/home/runner/.local/lib/python3.8/site-packages/pluggy/_callers.py\", line 39, in _multicall\n    res = hook_impl.function(*args)\n  File \"/home/runner/.local/lib/python3.8/site-packages/_pytest/fixtures.py\", line 1122, in pytest_fixture_setup\n    result = call_fixture_func(fixturefunc, request, kwargs)\n  File \"/home/runner/.local/lib/python3.8/site-packages/_pytest/fixtures.py\", line 917, in call_fixture_func\n    fixture_result = next(generator)\n  File \"/home/runner/work/Test_with_a_team/Test_with_a_team/conftest.py\", line 38, in app\n    driver = webdriver.Chrome(ChromeDriverManager().install(),\n  File \"/home/runner/.local/lib/python3.8/site-packages/selenium/webdriver/chrome/webdriver.py\", line 70, in __init__\n    super(WebDriver, self).__init__(DesiredCapabilities.CHROME['browserName'], \"goog\",\n  File \"/home/runner/.local/lib/python3.8/site-packages/selenium/webdriver/chromium/webdriver.py\", line 93, in __init__\n    RemoteWebDriver.__init__(\n  File \"/home/runner/.local/lib/python3.8/site-packages/selenium/webdriver/remote/webdriver.py\", line 269, in __init__\n    self.start_session(capabilities, browser_profile)\n  File \"/home/runner/.local/lib/python3.8/site-packages/selenium/webdriver/remote/webdriver.py\", line 360, in start_session\n    response = self.execute(Command.NEW_SESSION, parameters)\n  File \"/home/runner/.local/lib/python3.8/site-packages/selenium/webdriver/remote/webdriver.py\", line 425, in execute\n    self.error_handler.check_response(response)\n  File \"/home/runner/.local/lib/python3.8/site-packages/selenium/webdriver/remote/errorhandler.py\", line 247, in check_response\n    raise exception_class(message, screen, stacktrace)\n",
    "steps" : [ ],
    "attachments" : [ ],
    "parameters" : [ ],
    "attachmentsCount" : 0,
    "shouldDisplayMessage" : true,
    "hasContent" : true,
    "stepsCount" : 0
  }, {
    "name" : "_session_faker",
    "time" : {
      "start" : 1650553735045,
      "stop" : 1650553735057,
      "duration" : 12
    },
    "status" : "passed",
    "steps" : [ ],
    "attachments" : [ ],
    "parameters" : [ ],
    "attachmentsCount" : 0,
    "shouldDisplayMessage" : false,
    "hasContent" : false,
    "stepsCount" : 0
  } ],
  "testStage" : {
    "description" : "\n        Регистрация с разными паролями.\n        ",
    "status" : "broken",
    "statusMessage" : "selenium.common.exceptions.WebDriverException: Message: unknown error: Chrome failed to start: exited abnormally.\n  (unknown error: DevToolsActivePort file doesn't exist)\n  (The process started from chrome location /usr/bin/google-chrome is no longer running, so ChromeDriver is assuming that Chrome has crashed.)\nStacktrace:\n#0 0x55c173a49ad3 <unknown>\n#1 0x55c1737a9568 <unknown>\n#2 0x55c1737ccb37 <unknown>\n#3 0x55c1737c823a <unknown>\n#4 0x55c1738032ba <unknown>\n#5 0x55c1737fd4e3 <unknown>\n#6 0x55c1737d2d1a <unknown>\n#7 0x55c1737d3e75 <unknown>\n#8 0x55c173a77efd <unknown>\n#9 0x55c173a9119b <unknown>\n#10 0x55c173a79c65 <unknown>\n#11 0x55c173a91ec8 <unknown>\n#12 0x55c173a6d360 <unknown>\n#13 0x55c173aada68 <unknown>\n#14 0x55c173aadbe8 <unknown>\n#15 0x55c173ac77fd <unknown>\n#16 0x7fc715504609 <unknown>",
    "statusTrace" : "request = <SubRequest 'app' for <Function test_invalid_password_registration>>\n\n    @pytest.fixture\n    def app(request):\n        url = request.config.getoption(\"--url\")\n        logger.info(f\"Start app on {url}\")\n        headless = request.config.getoption(\"--headless\")\n        chrome_options = Options()\n        chrome_options.add_argument(\"window-size=1800,1080\")\n        if headless:\n            chrome_options.headless = True\n        else:\n            chrome_options.headless = False\n>       driver = webdriver.Chrome(ChromeDriverManager().install(),\n                                  options=chrome_options)\n\nconftest.py:38: \n_ _ _ _ _ _ _ _ _ _ _ _ _ _ _ _ _ _ _ _ _ _ _ _ _ _ _ _ _ _ _ _ _ _ _ _ _ _ _ _ \n../../../.local/lib/python3.8/site-packages/selenium/webdriver/chrome/webdriver.py:70: in __init__\n    super(WebDriver, self).__init__(DesiredCapabilities.CHROME['browserName'], \"goog\",\n../../../.local/lib/python3.8/site-packages/selenium/webdriver/chromium/webdriver.py:93: in __init__\n    RemoteWebDriver.__init__(\n../../../.local/lib/python3.8/site-packages/selenium/webdriver/remote/webdriver.py:269: in __init__\n    self.start_session(capabilities, browser_profile)\n../../../.local/lib/python3.8/site-packages/selenium/webdriver/remote/webdriver.py:360: in start_session\n    response = self.execute(Command.NEW_SESSION, parameters)\n../../../.local/lib/python3.8/site-packages/selenium/webdriver/remote/webdriver.py:425: in execute\n    self.error_handler.check_response(response)\n_ _ _ _ _ _ _ _ _ _ _ _ _ _ _ _ _ _ _ _ _ _ _ _ _ _ _ _ _ _ _ _ _ _ _ _ _ _ _ _ \n\nself = <selenium.webdriver.remote.errorhandler.ErrorHandler object at 0x7fc593da5c10>\nresponse = {'status': 500, 'value': '{\"value\":{\"error\":\"unknown error\",\"message\":\"unknown error: Chrome failed to start: exited a...\\\\n#14 0x55c173aadbe8 \\\\u003Cunknown>\\\\n#15 0x55c173ac77fd \\\\u003Cunknown>\\\\n#16 0x7fc715504609 \\\\u003Cunknown>\\\\n\"}}'}\n\n    def check_response(self, response: Dict[str, Any]) -> None:\n        \"\"\"\n        Checks that a JSON response from the WebDriver does not have an error.\n    \n        :Args:\n         - response - The JSON response from the WebDriver server as a dictionary\n           object.\n    \n        :Raises: If the response contains an error message.\n        \"\"\"\n        status = response.get('status', None)\n        if not status or status == ErrorCode.SUCCESS:\n            return\n        value = None\n        message = response.get(\"message\", \"\")\n        screen: str = response.get(\"screen\", \"\")\n        stacktrace = None\n        if isinstance(status, int):\n            value_json = response.get('value', None)\n            if value_json and isinstance(value_json, str):\n                import json\n                try:\n                    value = json.loads(value_json)\n                    if len(value.keys()) == 1:\n                        value = value['value']\n                    status = value.get('error', None)\n                    if not status:\n                        status = value.get(\"status\", ErrorCode.UNKNOWN_ERROR)\n                        message = value.get(\"value\") or value.get(\"message\")\n                        if not isinstance(message, str):\n                            value = message\n                            message = message.get('message')\n                    else:\n                        message = value.get('message', None)\n                except ValueError:\n                    pass\n    \n        exception_class: Type[WebDriverException]\n        if status in ErrorCode.NO_SUCH_ELEMENT:\n            exception_class = NoSuchElementException\n        elif status in ErrorCode.NO_SUCH_FRAME:\n            exception_class = NoSuchFrameException\n        elif status in ErrorCode.NO_SUCH_SHADOW_ROOT:\n            exception_class = NoSuchShadowRootException\n        elif status in ErrorCode.NO_SUCH_WINDOW:\n            exception_class = NoSuchWindowException\n        elif status in ErrorCode.STALE_ELEMENT_REFERENCE:\n            exception_class = StaleElementReferenceException\n        elif status in ErrorCode.ELEMENT_NOT_VISIBLE:\n            exception_class = ElementNotVisibleException\n        elif status in ErrorCode.INVALID_ELEMENT_STATE:\n            exception_class = InvalidElementStateException\n        elif status in ErrorCode.INVALID_SELECTOR \\\n                or status in ErrorCode.INVALID_XPATH_SELECTOR \\\n                or status in ErrorCode.INVALID_XPATH_SELECTOR_RETURN_TYPER:\n            exception_class = InvalidSelectorException\n        elif status in ErrorCode.ELEMENT_IS_NOT_SELECTABLE:\n            exception_class = ElementNotSelectableException\n        elif status in ErrorCode.ELEMENT_NOT_INTERACTABLE:\n            exception_class = ElementNotInteractableException\n        elif status in ErrorCode.INVALID_COOKIE_DOMAIN:\n            exception_class = InvalidCookieDomainException\n        elif status in ErrorCode.UNABLE_TO_SET_COOKIE:\n            exception_class = UnableToSetCookieException\n        elif status in ErrorCode.TIMEOUT:\n            exception_class = TimeoutException\n        elif status in ErrorCode.SCRIPT_TIMEOUT:\n            exception_class = TimeoutException\n        elif status in ErrorCode.UNKNOWN_ERROR:\n            exception_class = WebDriverException\n        elif status in ErrorCode.UNEXPECTED_ALERT_OPEN:\n            exception_class = UnexpectedAlertPresentException\n        elif status in ErrorCode.NO_ALERT_OPEN:\n            exception_class = NoAlertPresentException\n        elif status in ErrorCode.IME_NOT_AVAILABLE:\n            exception_class = ImeNotAvailableException\n        elif status in ErrorCode.IME_ENGINE_ACTIVATION_FAILED:\n            exception_class = ImeActivationFailedException\n        elif status in ErrorCode.MOVE_TARGET_OUT_OF_BOUNDS:\n            exception_class = MoveTargetOutOfBoundsException\n        elif status in ErrorCode.JAVASCRIPT_ERROR:\n            exception_class = JavascriptException\n        elif status in ErrorCode.SESSION_NOT_CREATED:\n            exception_class = SessionNotCreatedException\n        elif status in ErrorCode.INVALID_ARGUMENT:\n            exception_class = InvalidArgumentException\n        elif status in ErrorCode.NO_SUCH_COOKIE:\n            exception_class = NoSuchCookieException\n        elif status in ErrorCode.UNABLE_TO_CAPTURE_SCREEN:\n            exception_class = ScreenshotException\n        elif status in ErrorCode.ELEMENT_CLICK_INTERCEPTED:\n            exception_class = ElementClickInterceptedException\n        elif status in ErrorCode.INSECURE_CERTIFICATE:\n            exception_class = InsecureCertificateException\n        elif status in ErrorCode.INVALID_COORDINATES:\n            exception_class = InvalidCoordinatesException\n        elif status in ErrorCode.INVALID_SESSION_ID:\n            exception_class = InvalidSessionIdException\n        elif status in ErrorCode.UNKNOWN_METHOD:\n            exception_class = UnknownMethodException\n        else:\n            exception_class = WebDriverException\n        if not value:\n            value = response['value']\n        if isinstance(value, str):\n            raise exception_class(value)\n        if message == \"\" and 'message' in value:\n            message = value['message']\n    \n        screen = None  # type: ignore[assignment]\n        if 'screen' in value:\n            screen = value['screen']\n    \n        stacktrace = None\n        st_value = value.get('stackTrace') or value.get('stacktrace')\n        if st_value:\n            if isinstance(st_value, str):\n                stacktrace = st_value.split('\\n')\n            else:\n                stacktrace = []\n                try:\n                    for frame in st_value:\n                        line = self._value_or_default(frame, 'lineNumber', '')\n                        file = self._value_or_default(frame, 'fileName', '<anonymous>')\n                        if line:\n                            file = \"%s:%s\" % (file, line)\n                        meth = self._value_or_default(frame, 'methodName', '<anonymous>')\n                        if 'className' in frame:\n                            meth = \"%s.%s\" % (frame['className'], meth)\n                        msg = \"    at %s (%s)\"\n                        msg = msg % (meth, file)\n                        stacktrace.append(msg)\n                except TypeError:\n                    pass\n        if exception_class == UnexpectedAlertPresentException:\n            alert_text = None\n            if 'data' in value:\n                alert_text = value['data'].get('text')\n            elif 'alert' in value:\n                alert_text = value['alert'].get('text')\n            raise exception_class(message, screen, stacktrace, alert_text)  # type: ignore[call-arg]  # mypy is not smart enough here\n>       raise exception_class(message, screen, stacktrace)\nE       selenium.common.exceptions.WebDriverException: Message: unknown error: Chrome failed to start: exited abnormally.\nE         (unknown error: DevToolsActivePort file doesn't exist)\nE         (The process started from chrome location /usr/bin/google-chrome is no longer running, so ChromeDriver is assuming that Chrome has crashed.)\nE       Stacktrace:\nE       #0 0x55c173a49ad3 <unknown>\nE       #1 0x55c1737a9568 <unknown>\nE       #2 0x55c1737ccb37 <unknown>\nE       #3 0x55c1737c823a <unknown>\nE       #4 0x55c1738032ba <unknown>\nE       #5 0x55c1737fd4e3 <unknown>\nE       #6 0x55c1737d2d1a <unknown>\nE       #7 0x55c1737d3e75 <unknown>\nE       #8 0x55c173a77efd <unknown>\nE       #9 0x55c173a9119b <unknown>\nE       #10 0x55c173a79c65 <unknown>\nE       #11 0x55c173a91ec8 <unknown>\nE       #12 0x55c173a6d360 <unknown>\nE       #13 0x55c173aada68 <unknown>\nE       #14 0x55c173aadbe8 <unknown>\nE       #15 0x55c173ac77fd <unknown>\nE       #16 0x7fc715504609 <unknown>\n\n../../../.local/lib/python3.8/site-packages/selenium/webdriver/remote/errorhandler.py:247: WebDriverException",
    "steps" : [ ],
    "attachments" : [ {
      "uid" : "2c97ae4b19e808cf",
      "name" : "log",
      "source" : "2c97ae4b19e808cf.txt",
      "type" : "text/plain",
      "size" : 438
    }, {
      "uid" : "c27cbda30d6c7c3f",
      "name" : "stderr",
      "source" : "c27cbda30d6c7c3f.txt",
      "type" : "text/plain",
      "size" : 237
    } ],
    "parameters" : [ ],
    "attachmentsCount" : 2,
    "shouldDisplayMessage" : true,
    "hasContent" : true,
    "stepsCount" : 0
  },
  "afterStages" : [ ],
  "labels" : [ {
    "name" : "parentSuite",
    "value" : "test"
  }, {
    "name" : "suite",
    "value" : "test_register_page"
  }, {
    "name" : "subSuite",
    "value" : "TestRegisterPage"
  }, {
    "name" : "host",
    "value" : "fv-az266-753"
  }, {
    "name" : "thread",
    "value" : "2280-MainThread"
  }, {
    "name" : "framework",
    "value" : "pytest"
  }, {
    "name" : "language",
    "value" : "cpython3"
  }, {
    "name" : "package",
    "value" : "test.test_register_page"
  }, {
    "name" : "resultFormat",
    "value" : "allure2"
  } ],
  "parameters" : [ ],
  "links" : [ ],
  "hidden" : false,
  "retry" : false,
  "extra" : {
    "severity" : "normal",
    "retries" : [ ],
    "categories" : [ {
      "name" : "Test defects",
      "matchedStatuses" : [ ],
      "flaky" : false
    } ],
    "history" : {
      "statistic" : {
        "failed" : 0,
        "broken" : 3,
        "skipped" : 0,
        "passed" : 0,
        "unknown" : 0,
        "total" : 3
      },
      "items" : [ {
        "uid" : "c759eccedf4e347",
        "reportUrl" : "https://ArkadiyVoronov.github.io/Test_with_a_team/6//#testresult/c759eccedf4e347",
        "status" : "broken",
        "statusDetails" : "selenium.common.exceptions.WebDriverException: Message: unknown error: Chrome failed to start: exited abnormally.\n  (unknown error: DevToolsActivePort file doesn't exist)\n  (The process started from chrome location /usr/bin/google-chrome is no longer running, so ChromeDriver is assuming that Chrome has crashed.)\nStacktrace:\n#0 0x562de65c5ad3 <unknown>\n#1 0x562de6325568 <unknown>\n#2 0x562de6348b37 <unknown>\n#3 0x562de634423a <unknown>\n#4 0x562de637f2ba <unknown>\n#5 0x562de63794e3 <unknown>\n#6 0x562de634ed1a <unknown>\n#7 0x562de634fe75 <unknown>\n#8 0x562de65f3efd <unknown>\n#9 0x562de660d19b <unknown>\n#10 0x562de65f5c65 <unknown>\n#11 0x562de660dec8 <unknown>\n#12 0x562de65e9360 <unknown>\n#13 0x562de6629a68 <unknown>\n#14 0x562de6629be8 <unknown>\n#15 0x562de66437fd <unknown>\n#16 0x7fb794352609 <unknown>",
        "time" : {
          "start" : 1650553597946,
          "stop" : 1650553597946,
          "duration" : 0
        }
      }, {
        "uid" : "9501914379cebf4c",
        "reportUrl" : "https://ArkadiyVoronov.github.io/Test_with_a_team/4//#testresult/9501914379cebf4c",
        "status" : "broken",
        "statusDetails" : "selenium.common.exceptions.WebDriverException: Message: unknown error: Chrome failed to start: exited abnormally.\n  (unknown error: DevToolsActivePort file doesn't exist)\n  (The process started from chrome location /usr/bin/google-chrome is no longer running, so ChromeDriver is assuming that Chrome has crashed.)\nStacktrace:\n#0 0x55d54d677ad3 <unknown>\n#1 0x55d54d3d7568 <unknown>\n#2 0x55d54d3fab37 <unknown>\n#3 0x55d54d3f623a <unknown>\n#4 0x55d54d4312ba <unknown>\n#5 0x55d54d42b4e3 <unknown>\n#6 0x55d54d400d1a <unknown>\n#7 0x55d54d401e75 <unknown>\n#8 0x55d54d6a5efd <unknown>\n#9 0x55d54d6bf19b <unknown>\n#10 0x55d54d6a7c65 <unknown>\n#11 0x55d54d6bfec8 <unknown>\n#12 0x55d54d69b360 <unknown>\n#13 0x55d54d6dba68 <unknown>\n#14 0x55d54d6dbbe8 <unknown>\n#15 0x55d54d6f57fd <unknown>\n#16 0x7fda44a3f609 <unknown>",
        "time" : {
          "start" : 1650552896256,
          "stop" : 1650552896256,
          "duration" : 0
        }
      } ]
    },
    "tags" : [ ]
  },
  "source" : "2aa4831a49da1f53.json",
  "parameterValues" : [ ]
}