{
  "uid" : "b1df5a6fb8d6217",
  "name" : "test_short_password_registration",
  "fullName" : "test.test_register_page.TestRegisterPage#test_short_password_registration",
  "historyId" : "176c0fa12fe39331a20909649fdc8e23",
  "time" : {
    "start" : 1650905706837,
    "stop" : 1650905706837,
    "duration" : 0
  },
  "description" : "\n        Регистрация с паролем < 7 симвлов.\n        ",
  "descriptionHtml" : "<pre><code>    Регистрация с паролем &lt; 7 симвлов.\n</code></pre>\n",
  "status" : "broken",
  "statusMessage" : "selenium.common.exceptions.WebDriverException: Message: unknown error: Chrome failed to start: exited abnormally.\n  (unknown error: DevToolsActivePort file doesn't exist)\n  (The process started from chrome location /usr/bin/google-chrome is no longer running, so ChromeDriver is assuming that Chrome has crashed.)\nStacktrace:\n#0 0x5640ef373ad3 <unknown>\n#1 0x5640ef0d3568 <unknown>\n#2 0x5640ef0f6b37 <unknown>\n#3 0x5640ef0f223a <unknown>\n#4 0x5640ef12d2ba <unknown>\n#5 0x5640ef1274e3 <unknown>\n#6 0x5640ef0fcd1a <unknown>\n#7 0x5640ef0fde75 <unknown>\n#8 0x5640ef3a1efd <unknown>\n#9 0x5640ef3bb19b <unknown>\n#10 0x5640ef3a3c65 <unknown>\n#11 0x5640ef3bbec8 <unknown>\n#12 0x5640ef397360 <unknown>\n#13 0x5640ef3d7a68 <unknown>\n#14 0x5640ef3d7be8 <unknown>\n#15 0x5640ef3f17fd <unknown>\n#16 0x7f528e9d6609 <unknown>",
  "statusTrace" : "request = <SubRequest 'app' for <Function test_balance_transfer>>\n\n    @pytest.fixture(scope=\"session\")\n    def app(request):\n        base_url = \"https://berpress.github.io/react-shop/\"\n        url = request.config.getoption(\"--url\")\n        logger.info(f\"Start app on {url}\")\n        headless = request.config.getoption(\"--headless\")\n        report_dir = request.config.getoption(\"--alluredir\")\n        fixture = Application(base_url, report_dir, headless)\n        chrome_options = Options()\n        chrome_options.add_argument(\"window-size=1800,1080\")\n        if headless:\n            chrome_options.headless = True\n        else:\n            chrome_options.headless = False\n>       driver = webdriver.Chrome(ChromeDriverManager().install(),\n                                  options=chrome_options)\n\nconftest.py:42: \n_ _ _ _ _ _ _ _ _ _ _ _ _ _ _ _ _ _ _ _ _ _ _ _ _ _ _ _ _ _ _ _ _ _ _ _ _ _ _ _ \n../../../.local/lib/python3.8/site-packages/selenium/webdriver/chrome/webdriver.py:70: in __init__\n    super(WebDriver, self).__init__(DesiredCapabilities.CHROME['browserName'], \"goog\",\n../../../.local/lib/python3.8/site-packages/selenium/webdriver/chromium/webdriver.py:93: in __init__\n    RemoteWebDriver.__init__(\n../../../.local/lib/python3.8/site-packages/selenium/webdriver/remote/webdriver.py:269: in __init__\n    self.start_session(capabilities, browser_profile)\n../../../.local/lib/python3.8/site-packages/selenium/webdriver/remote/webdriver.py:360: in start_session\n    response = self.execute(Command.NEW_SESSION, parameters)\n../../../.local/lib/python3.8/site-packages/selenium/webdriver/remote/webdriver.py:425: in execute\n    self.error_handler.check_response(response)\n_ _ _ _ _ _ _ _ _ _ _ _ _ _ _ _ _ _ _ _ _ _ _ _ _ _ _ _ _ _ _ _ _ _ _ _ _ _ _ _ \n\nself = <selenium.webdriver.remote.errorhandler.ErrorHandler object at 0x7f3833d63190>\nresponse = {'status': 500, 'value': '{\"value\":{\"error\":\"unknown error\",\"message\":\"unknown error: Chrome failed to start: exited a...\\\\n#14 0x5640ef3d7be8 \\\\u003Cunknown>\\\\n#15 0x5640ef3f17fd \\\\u003Cunknown>\\\\n#16 0x7f528e9d6609 \\\\u003Cunknown>\\\\n\"}}'}\n\n    def check_response(self, response: Dict[str, Any]) -> None:\n        \"\"\"\n        Checks that a JSON response from the WebDriver does not have an error.\n    \n        :Args:\n         - response - The JSON response from the WebDriver server as a dictionary\n           object.\n    \n        :Raises: If the response contains an error message.\n        \"\"\"\n        status = response.get('status', None)\n        if not status or status == ErrorCode.SUCCESS:\n            return\n        value = None\n        message = response.get(\"message\", \"\")\n        screen: str = response.get(\"screen\", \"\")\n        stacktrace = None\n        if isinstance(status, int):\n            value_json = response.get('value', None)\n            if value_json and isinstance(value_json, str):\n                import json\n                try:\n                    value = json.loads(value_json)\n                    if len(value.keys()) == 1:\n                        value = value['value']\n                    status = value.get('error', None)\n                    if not status:\n                        status = value.get(\"status\", ErrorCode.UNKNOWN_ERROR)\n                        message = value.get(\"value\") or value.get(\"message\")\n                        if not isinstance(message, str):\n                            value = message\n                            message = message.get('message')\n                    else:\n                        message = value.get('message', None)\n                except ValueError:\n                    pass\n    \n        exception_class: Type[WebDriverException]\n        if status in ErrorCode.NO_SUCH_ELEMENT:\n            exception_class = NoSuchElementException\n        elif status in ErrorCode.NO_SUCH_FRAME:\n            exception_class = NoSuchFrameException\n        elif status in ErrorCode.NO_SUCH_SHADOW_ROOT:\n            exception_class = NoSuchShadowRootException\n        elif status in ErrorCode.NO_SUCH_WINDOW:\n            exception_class = NoSuchWindowException\n        elif status in ErrorCode.STALE_ELEMENT_REFERENCE:\n            exception_class = StaleElementReferenceException\n        elif status in ErrorCode.ELEMENT_NOT_VISIBLE:\n            exception_class = ElementNotVisibleException\n        elif status in ErrorCode.INVALID_ELEMENT_STATE:\n            exception_class = InvalidElementStateException\n        elif status in ErrorCode.INVALID_SELECTOR \\\n                or status in ErrorCode.INVALID_XPATH_SELECTOR \\\n                or status in ErrorCode.INVALID_XPATH_SELECTOR_RETURN_TYPER:\n            exception_class = InvalidSelectorException\n        elif status in ErrorCode.ELEMENT_IS_NOT_SELECTABLE:\n            exception_class = ElementNotSelectableException\n        elif status in ErrorCode.ELEMENT_NOT_INTERACTABLE:\n            exception_class = ElementNotInteractableException\n        elif status in ErrorCode.INVALID_COOKIE_DOMAIN:\n            exception_class = InvalidCookieDomainException\n        elif status in ErrorCode.UNABLE_TO_SET_COOKIE:\n            exception_class = UnableToSetCookieException\n        elif status in ErrorCode.TIMEOUT:\n            exception_class = TimeoutException\n        elif status in ErrorCode.SCRIPT_TIMEOUT:\n            exception_class = TimeoutException\n        elif status in ErrorCode.UNKNOWN_ERROR:\n            exception_class = WebDriverException\n        elif status in ErrorCode.UNEXPECTED_ALERT_OPEN:\n            exception_class = UnexpectedAlertPresentException\n        elif status in ErrorCode.NO_ALERT_OPEN:\n            exception_class = NoAlertPresentException\n        elif status in ErrorCode.IME_NOT_AVAILABLE:\n            exception_class = ImeNotAvailableException\n        elif status in ErrorCode.IME_ENGINE_ACTIVATION_FAILED:\n            exception_class = ImeActivationFailedException\n        elif status in ErrorCode.MOVE_TARGET_OUT_OF_BOUNDS:\n            exception_class = MoveTargetOutOfBoundsException\n        elif status in ErrorCode.JAVASCRIPT_ERROR:\n            exception_class = JavascriptException\n        elif status in ErrorCode.SESSION_NOT_CREATED:\n            exception_class = SessionNotCreatedException\n        elif status in ErrorCode.INVALID_ARGUMENT:\n            exception_class = InvalidArgumentException\n        elif status in ErrorCode.NO_SUCH_COOKIE:\n            exception_class = NoSuchCookieException\n        elif status in ErrorCode.UNABLE_TO_CAPTURE_SCREEN:\n            exception_class = ScreenshotException\n        elif status in ErrorCode.ELEMENT_CLICK_INTERCEPTED:\n            exception_class = ElementClickInterceptedException\n        elif status in ErrorCode.INSECURE_CERTIFICATE:\n            exception_class = InsecureCertificateException\n        elif status in ErrorCode.INVALID_COORDINATES:\n            exception_class = InvalidCoordinatesException\n        elif status in ErrorCode.INVALID_SESSION_ID:\n            exception_class = InvalidSessionIdException\n        elif status in ErrorCode.UNKNOWN_METHOD:\n            exception_class = UnknownMethodException\n        else:\n            exception_class = WebDriverException\n        if not value:\n            value = response['value']\n        if isinstance(value, str):\n            raise exception_class(value)\n        if message == \"\" and 'message' in value:\n            message = value['message']\n    \n        screen = None  # type: ignore[assignment]\n        if 'screen' in value:\n            screen = value['screen']\n    \n        stacktrace = None\n        st_value = value.get('stackTrace') or value.get('stacktrace')\n        if st_value:\n            if isinstance(st_value, str):\n                stacktrace = st_value.split('\\n')\n            else:\n                stacktrace = []\n                try:\n                    for frame in st_value:\n                        line = self._value_or_default(frame, 'lineNumber', '')\n                        file = self._value_or_default(frame, 'fileName', '<anonymous>')\n                        if line:\n                            file = \"%s:%s\" % (file, line)\n                        meth = self._value_or_default(frame, 'methodName', '<anonymous>')\n                        if 'className' in frame:\n                            meth = \"%s.%s\" % (frame['className'], meth)\n                        msg = \"    at %s (%s)\"\n                        msg = msg % (meth, file)\n                        stacktrace.append(msg)\n                except TypeError:\n                    pass\n        if exception_class == UnexpectedAlertPresentException:\n            alert_text = None\n            if 'data' in value:\n                alert_text = value['data'].get('text')\n            elif 'alert' in value:\n                alert_text = value['alert'].get('text')\n            raise exception_class(message, screen, stacktrace, alert_text)  # type: ignore[call-arg]  # mypy is not smart enough here\n>       raise exception_class(message, screen, stacktrace)\nE       selenium.common.exceptions.WebDriverException: Message: unknown error: Chrome failed to start: exited abnormally.\nE         (unknown error: DevToolsActivePort file doesn't exist)\nE         (The process started from chrome location /usr/bin/google-chrome is no longer running, so ChromeDriver is assuming that Chrome has crashed.)\nE       Stacktrace:\nE       #0 0x5640ef373ad3 <unknown>\nE       #1 0x5640ef0d3568 <unknown>\nE       #2 0x5640ef0f6b37 <unknown>\nE       #3 0x5640ef0f223a <unknown>\nE       #4 0x5640ef12d2ba <unknown>\nE       #5 0x5640ef1274e3 <unknown>\nE       #6 0x5640ef0fcd1a <unknown>\nE       #7 0x5640ef0fde75 <unknown>\nE       #8 0x5640ef3a1efd <unknown>\nE       #9 0x5640ef3bb19b <unknown>\nE       #10 0x5640ef3a3c65 <unknown>\nE       #11 0x5640ef3bbec8 <unknown>\nE       #12 0x5640ef397360 <unknown>\nE       #13 0x5640ef3d7a68 <unknown>\nE       #14 0x5640ef3d7be8 <unknown>\nE       #15 0x5640ef3f17fd <unknown>\nE       #16 0x7f528e9d6609 <unknown>\n\n../../../.local/lib/python3.8/site-packages/selenium/webdriver/remote/errorhandler.py:247: WebDriverException",
  "flaky" : false,
  "newFailed" : false,
  "beforeStages" : [ {
    "name" : "_session_faker",
    "time" : {
      "start" : 1650905704551,
      "stop" : 1650905704566,
      "duration" : 15
    },
    "status" : "passed",
    "steps" : [ ],
    "attachments" : [ ],
    "parameters" : [ ],
    "stepsCount" : 0,
    "attachmentsCount" : 0,
    "shouldDisplayMessage" : false,
    "hasContent" : false
  }, {
    "name" : "app",
    "time" : {
      "start" : 1650905704566,
      "stop" : 1650905706061,
      "duration" : 1495
    },
    "status" : "broken",
    "statusMessage" : "selenium.common.exceptions.WebDriverException: Message: unknown error: Chrome failed to start: exited abnormally.\n  (unknown error: DevToolsActivePort file doesn't exist)\n  (The process started from chrome location /usr/bin/google-chrome is no longer running, so ChromeDriver is assuming that Chrome has crashed.)\nStacktrace:\n#0 0x5640ef373ad3 <unknown>\n#1 0x5640ef0d3568 <unknown>\n#2 0x5640ef0f6b37 <unknown>\n#3 0x5640ef0f223a <unknown>\n#4 0x5640ef12d2ba <unknown>\n#5 0x5640ef1274e3 <unknown>\n#6 0x5640ef0fcd1a <unknown>\n#7 0x5640ef0fde75 <unknown>\n#8 0x5640ef3a1efd <unknown>\n#9 0x5640ef3bb19b <unknown>\n#10 0x5640ef3a3c65 <unknown>\n#11 0x5640ef3bbec8 <unknown>\n#12 0x5640ef397360 <unknown>\n#13 0x5640ef3d7a68 <unknown>\n#14 0x5640ef3d7be8 <unknown>\n#15 0x5640ef3f17fd <unknown>\n#16 0x7f528e9d6609 <unknown>\n\n",
    "statusTrace" : "  File \"/home/runner/.local/lib/python3.8/site-packages/pluggy/_callers.py\", line 39, in _multicall\n    res = hook_impl.function(*args)\n  File \"/home/runner/.local/lib/python3.8/site-packages/_pytest/fixtures.py\", line 1122, in pytest_fixture_setup\n    result = call_fixture_func(fixturefunc, request, kwargs)\n  File \"/home/runner/.local/lib/python3.8/site-packages/_pytest/fixtures.py\", line 917, in call_fixture_func\n    fixture_result = next(generator)\n  File \"/home/runner/work/Test_with_a_team/Test_with_a_team/conftest.py\", line 42, in app\n    driver = webdriver.Chrome(ChromeDriverManager().install(),\n  File \"/home/runner/.local/lib/python3.8/site-packages/selenium/webdriver/chrome/webdriver.py\", line 70, in __init__\n    super(WebDriver, self).__init__(DesiredCapabilities.CHROME['browserName'], \"goog\",\n  File \"/home/runner/.local/lib/python3.8/site-packages/selenium/webdriver/chromium/webdriver.py\", line 93, in __init__\n    RemoteWebDriver.__init__(\n  File \"/home/runner/.local/lib/python3.8/site-packages/selenium/webdriver/remote/webdriver.py\", line 269, in __init__\n    self.start_session(capabilities, browser_profile)\n  File \"/home/runner/.local/lib/python3.8/site-packages/selenium/webdriver/remote/webdriver.py\", line 360, in start_session\n    response = self.execute(Command.NEW_SESSION, parameters)\n  File \"/home/runner/.local/lib/python3.8/site-packages/selenium/webdriver/remote/webdriver.py\", line 425, in execute\n    self.error_handler.check_response(response)\n  File \"/home/runner/.local/lib/python3.8/site-packages/selenium/webdriver/remote/errorhandler.py\", line 247, in check_response\n    raise exception_class(message, screen, stacktrace)\n",
    "steps" : [ ],
    "attachments" : [ ],
    "parameters" : [ ],
    "stepsCount" : 0,
    "attachmentsCount" : 0,
    "shouldDisplayMessage" : true,
    "hasContent" : true
  } ],
  "afterStages" : [ ],
  "labels" : [ {
    "name" : "story",
    "value" : "Test register"
  }, {
    "name" : "parentSuite",
    "value" : "test"
  }, {
    "name" : "suite",
    "value" : "test_register_page"
  }, {
    "name" : "subSuite",
    "value" : "TestRegisterPage"
  }, {
    "name" : "host",
    "value" : "fv-az399-415"
  }, {
    "name" : "thread",
    "value" : "2216-MainThread"
  }, {
    "name" : "framework",
    "value" : "pytest"
  }, {
    "name" : "language",
    "value" : "cpython3"
  }, {
    "name" : "package",
    "value" : "test.test_register_page"
  }, {
    "name" : "resultFormat",
    "value" : "allure2"
  } ],
  "parameters" : [ ],
  "links" : [ ],
  "hidden" : false,
  "retry" : false,
  "extra" : {
    "severity" : "normal",
    "retries" : [ ],
    "categories" : [ {
      "name" : "Test defects",
      "matchedStatuses" : [ ],
      "flaky" : false
    } ],
    "history" : {
      "statistic" : {
        "failed" : 0,
        "broken" : 9,
        "skipped" : 0,
        "passed" : 0,
        "unknown" : 0,
        "total" : 9
      },
      "items" : [ {
        "uid" : "f6ecca3a4ecac1af",
        "reportUrl" : "https://ArkadiyVoronov.github.io/Test_with_a_team/14//#testresult/f6ecca3a4ecac1af",
        "status" : "broken",
        "statusDetails" : "selenium.common.exceptions.WebDriverException: Message: unknown error: Chrome failed to start: exited abnormally.\n  (unknown error: DevToolsActivePort file doesn't exist)\n  (The process started from chrome location /usr/bin/google-chrome is no longer running, so ChromeDriver is assuming that Chrome has crashed.)\nStacktrace:\n#0 0x56035bb7dad3 <unknown>\n#1 0x56035b8dd568 <unknown>\n#2 0x56035b900b37 <unknown>\n#3 0x56035b8fc23a <unknown>\n#4 0x56035b9372ba <unknown>\n#5 0x56035b9314e3 <unknown>\n#6 0x56035b906d1a <unknown>\n#7 0x56035b907e75 <unknown>\n#8 0x56035bbabefd <unknown>\n#9 0x56035bbc519b <unknown>\n#10 0x56035bbadc65 <unknown>\n#11 0x56035bbc5ec8 <unknown>\n#12 0x56035bba1360 <unknown>\n#13 0x56035bbe1a68 <unknown>\n#14 0x56035bbe1be8 <unknown>\n#15 0x56035bbfb7fd <unknown>\n#16 0x7fc618d3e609 <unknown>",
        "time" : {
          "start" : 1650905596899,
          "stop" : 1650905596899,
          "duration" : 0
        }
      }, {
        "uid" : "bd2d98318fa12a63",
        "reportUrl" : "https://ArkadiyVoronov.github.io/Test_with_a_team/13//#testresult/bd2d98318fa12a63",
        "status" : "broken",
        "statusDetails" : "selenium.common.exceptions.WebDriverException: Message: unknown error: Chrome failed to start: exited abnormally.\n  (unknown error: DevToolsActivePort file doesn't exist)\n  (The process started from chrome location /usr/bin/google-chrome is no longer running, so ChromeDriver is assuming that Chrome has crashed.)\nStacktrace:\n#0 0x55d68873dad3 <unknown>\n#1 0x55d68849d568 <unknown>\n#2 0x55d6884c0b37 <unknown>\n#3 0x55d6884bc23a <unknown>\n#4 0x55d6884f72ba <unknown>\n#5 0x55d6884f14e3 <unknown>\n#6 0x55d6884c6d1a <unknown>\n#7 0x55d6884c7e75 <unknown>\n#8 0x55d68876befd <unknown>\n#9 0x55d68878519b <unknown>\n#10 0x55d68876dc65 <unknown>\n#11 0x55d688785ec8 <unknown>\n#12 0x55d688761360 <unknown>\n#13 0x55d6887a1a68 <unknown>\n#14 0x55d6887a1be8 <unknown>\n#15 0x55d6887bb7fd <unknown>\n#16 0x7fece2ff7609 <unknown>",
        "time" : {
          "start" : 1650903988015,
          "stop" : 1650903988015,
          "duration" : 0
        }
      }, {
        "uid" : "99114820a2307e3f",
        "reportUrl" : "https://ArkadiyVoronov.github.io/Test_with_a_team/12//#testresult/99114820a2307e3f",
        "status" : "broken",
        "statusDetails" : "selenium.common.exceptions.WebDriverException: Message: unknown error: Chrome failed to start: exited abnormally.\n  (unknown error: DevToolsActivePort file doesn't exist)\n  (The process started from chrome location /usr/bin/google-chrome is no longer running, so ChromeDriver is assuming that Chrome has crashed.)\nStacktrace:\n#0 0x5640144ddad3 <unknown>\n#1 0x56401423d568 <unknown>\n#2 0x564014260b37 <unknown>\n#3 0x56401425c23a <unknown>\n#4 0x5640142972ba <unknown>\n#5 0x5640142914e3 <unknown>\n#6 0x564014266d1a <unknown>\n#7 0x564014267e75 <unknown>\n#8 0x56401450befd <unknown>\n#9 0x56401452519b <unknown>\n#10 0x56401450dc65 <unknown>\n#11 0x564014525ec8 <unknown>\n#12 0x564014501360 <unknown>\n#13 0x564014541a68 <unknown>\n#14 0x564014541be8 <unknown>\n#15 0x56401455b7fd <unknown>\n#16 0x7f5e6df1f609 <unknown>",
        "time" : {
          "start" : 1650903815041,
          "stop" : 1650903815041,
          "duration" : 0
        }
      }, {
        "uid" : "3bb22a458b949be0",
        "reportUrl" : "https://ArkadiyVoronov.github.io/Test_with_a_team/9//#testresult/3bb22a458b949be0",
        "status" : "broken",
        "statusDetails" : "selenium.common.exceptions.WebDriverException: Message: unknown error: Chrome failed to start: exited abnormally.\n  (unknown error: DevToolsActivePort file doesn't exist)\n  (The process started from chrome location /usr/bin/google-chrome is no longer running, so ChromeDriver is assuming that Chrome has crashed.)\nStacktrace:\n#0 0x55814352cad3 <unknown>\n#1 0x55814328c568 <unknown>\n#2 0x5581432afb37 <unknown>\n#3 0x5581432ab23a <unknown>\n#4 0x5581432e62ba <unknown>\n#5 0x5581432e04e3 <unknown>\n#6 0x5581432b5d1a <unknown>\n#7 0x5581432b6e75 <unknown>\n#8 0x55814355aefd <unknown>\n#9 0x55814357419b <unknown>\n#10 0x55814355cc65 <unknown>\n#11 0x558143574ec8 <unknown>\n#12 0x558143550360 <unknown>\n#13 0x558143590a68 <unknown>\n#14 0x558143590be8 <unknown>\n#15 0x5581435aa7fd <unknown>\n#16 0x7fc933008609 <unknown>",
        "time" : {
          "start" : 1650554014112,
          "stop" : 1650554014112,
          "duration" : 0
        }
      }, {
        "uid" : "704837b33e44827c",
        "reportUrl" : "https://ArkadiyVoronov.github.io/Test_with_a_team/8//#testresult/704837b33e44827c",
        "status" : "broken",
        "statusDetails" : "selenium.common.exceptions.WebDriverException: Message: unknown error: Chrome failed to start: exited abnormally.\n  (unknown error: DevToolsActivePort file doesn't exist)\n  (The process started from chrome location /usr/bin/google-chrome is no longer running, so ChromeDriver is assuming that Chrome has crashed.)\nStacktrace:\n#0 0x55710e831ad3 <unknown>\n#1 0x55710e591568 <unknown>\n#2 0x55710e5b4b37 <unknown>\n#3 0x55710e5b023a <unknown>\n#4 0x55710e5eb2ba <unknown>\n#5 0x55710e5e54e3 <unknown>\n#6 0x55710e5bad1a <unknown>\n#7 0x55710e5bbe75 <unknown>\n#8 0x55710e85fefd <unknown>\n#9 0x55710e87919b <unknown>\n#10 0x55710e861c65 <unknown>\n#11 0x55710e879ec8 <unknown>\n#12 0x55710e855360 <unknown>\n#13 0x55710e895a68 <unknown>\n#14 0x55710e895be8 <unknown>\n#15 0x55710e8af7fd <unknown>\n#16 0x7fb465537609 <unknown>",
        "time" : {
          "start" : 1650553937085,
          "stop" : 1650553937085,
          "duration" : 0
        }
      }, {
        "uid" : "443df8fb6cf60db4",
        "reportUrl" : "https://ArkadiyVoronov.github.io/Test_with_a_team/7//#testresult/443df8fb6cf60db4",
        "status" : "broken",
        "statusDetails" : "selenium.common.exceptions.WebDriverException: Message: unknown error: Chrome failed to start: exited abnormally.\n  (unknown error: DevToolsActivePort file doesn't exist)\n  (The process started from chrome location /usr/bin/google-chrome is no longer running, so ChromeDriver is assuming that Chrome has crashed.)\nStacktrace:\n#0 0x557b9ace2ad3 <unknown>\n#1 0x557b9aa42568 <unknown>\n#2 0x557b9aa65b37 <unknown>\n#3 0x557b9aa6123a <unknown>\n#4 0x557b9aa9c2ba <unknown>\n#5 0x557b9aa964e3 <unknown>\n#6 0x557b9aa6bd1a <unknown>\n#7 0x557b9aa6ce75 <unknown>\n#8 0x557b9ad10efd <unknown>\n#9 0x557b9ad2a19b <unknown>\n#10 0x557b9ad12c65 <unknown>\n#11 0x557b9ad2aec8 <unknown>\n#12 0x557b9ad06360 <unknown>\n#13 0x557b9ad46a68 <unknown>\n#14 0x557b9ad46be8 <unknown>\n#15 0x557b9ad607fd <unknown>\n#16 0x7f5a540b9609 <unknown>",
        "time" : {
          "start" : 1650553753993,
          "stop" : 1650553753993,
          "duration" : 0
        }
      }, {
        "uid" : "4dc9d0117ff6ab1",
        "reportUrl" : "https://ArkadiyVoronov.github.io/Test_with_a_team/6//#testresult/4dc9d0117ff6ab1",
        "status" : "broken",
        "statusDetails" : "selenium.common.exceptions.WebDriverException: Message: unknown error: Chrome failed to start: exited abnormally.\n  (unknown error: DevToolsActivePort file doesn't exist)\n  (The process started from chrome location /usr/bin/google-chrome is no longer running, so ChromeDriver is assuming that Chrome has crashed.)\nStacktrace:\n#0 0x555764c1ead3 <unknown>\n#1 0x55576497e568 <unknown>\n#2 0x5557649a1b37 <unknown>\n#3 0x55576499d23a <unknown>\n#4 0x5557649d82ba <unknown>\n#5 0x5557649d24e3 <unknown>\n#6 0x5557649a7d1a <unknown>\n#7 0x5557649a8e75 <unknown>\n#8 0x555764c4cefd <unknown>\n#9 0x555764c6619b <unknown>\n#10 0x555764c4ec65 <unknown>\n#11 0x555764c66ec8 <unknown>\n#12 0x555764c42360 <unknown>\n#13 0x555764c82a68 <unknown>\n#14 0x555764c82be8 <unknown>\n#15 0x555764c9c7fd <unknown>\n#16 0x7ff55ddd8609 <unknown>",
        "time" : {
          "start" : 1650553598740,
          "stop" : 1650553598740,
          "duration" : 0
        }
      }, {
        "uid" : "2c7e8b10999c65f9",
        "reportUrl" : "https://ArkadiyVoronov.github.io/Test_with_a_team/4//#testresult/2c7e8b10999c65f9",
        "status" : "broken",
        "statusDetails" : "selenium.common.exceptions.WebDriverException: Message: unknown error: Chrome failed to start: exited abnormally.\n  (unknown error: DevToolsActivePort file doesn't exist)\n  (The process started from chrome location /usr/bin/google-chrome is no longer running, so ChromeDriver is assuming that Chrome has crashed.)\nStacktrace:\n#0 0x56292e1c7ad3 <unknown>\n#1 0x56292df27568 <unknown>\n#2 0x56292df4ab37 <unknown>\n#3 0x56292df4623a <unknown>\n#4 0x56292df812ba <unknown>\n#5 0x56292df7b4e3 <unknown>\n#6 0x56292df50d1a <unknown>\n#7 0x56292df51e75 <unknown>\n#8 0x56292e1f5efd <unknown>\n#9 0x56292e20f19b <unknown>\n#10 0x56292e1f7c65 <unknown>\n#11 0x56292e20fec8 <unknown>\n#12 0x56292e1eb360 <unknown>\n#13 0x56292e22ba68 <unknown>\n#14 0x56292e22bbe8 <unknown>\n#15 0x56292e2457fd <unknown>\n#16 0x7f4e8c704609 <unknown>",
        "time" : {
          "start" : 1650552897047,
          "stop" : 1650552897047,
          "duration" : 0
        }
      } ]
    },
    "tags" : [ ]
  },
  "source" : "b1df5a6fb8d6217.json",
  "parameterValues" : [ ]
}