{
  "uid" : "2c332c15c4f7eefc",
  "name" : "test_login_with_empty_password",
  "fullName" : "test.test_login_page.TestLoginPage#test_login_with_empty_password",
  "historyId" : "4f2ea27f37071834fc2fa39ccf239962",
  "time" : {
    "start" : 1650903807717,
    "stop" : 1650903807717,
    "duration" : 0
  },
  "description" : "\n        Попытка авторизации с незаполненым паролем.\n        ",
  "descriptionHtml" : "<pre><code>    Попытка авторизации с незаполненым паролем.\n</code></pre>\n",
  "status" : "broken",
  "statusMessage" : "selenium.common.exceptions.WebDriverException: Message: unknown error: Chrome failed to start: exited abnormally.\n  (unknown error: DevToolsActivePort file doesn't exist)\n  (The process started from chrome location /usr/bin/google-chrome is no longer running, so ChromeDriver is assuming that Chrome has crashed.)\nStacktrace:\n#0 0x562653c68ad3 <unknown>\n#1 0x5626539c8568 <unknown>\n#2 0x5626539ebb37 <unknown>\n#3 0x5626539e723a <unknown>\n#4 0x562653a222ba <unknown>\n#5 0x562653a1c4e3 <unknown>\n#6 0x5626539f1d1a <unknown>\n#7 0x5626539f2e75 <unknown>\n#8 0x562653c96efd <unknown>\n#9 0x562653cb019b <unknown>\n#10 0x562653c98c65 <unknown>\n#11 0x562653cb0ec8 <unknown>\n#12 0x562653c8c360 <unknown>\n#13 0x562653ccca68 <unknown>\n#14 0x562653cccbe8 <unknown>\n#15 0x562653ce67fd <unknown>\n#16 0x7f88fc116609 <unknown>",
  "statusTrace" : "request = <SubRequest 'app' for <Function test_login_with_empty_password>>\n\n    @pytest.fixture\n    def app(request):\n        url = request.config.getoption(\"--url\")\n        logger.info(f\"Start app on {url}\")\n        headless = request.config.getoption(\"--headless\")\n        chrome_options = Options()\n        chrome_options.add_argument(\"window-size=1800,1080\")\n        if headless:\n            chrome_options.headless = True\n        else:\n            chrome_options.headless = False\n>       driver = webdriver.Chrome(ChromeDriverManager().install(),\n                                  options=chrome_options)\n\nconftest.py:38: \n_ _ _ _ _ _ _ _ _ _ _ _ _ _ _ _ _ _ _ _ _ _ _ _ _ _ _ _ _ _ _ _ _ _ _ _ _ _ _ _ \n../../../.local/lib/python3.8/site-packages/selenium/webdriver/chrome/webdriver.py:70: in __init__\n    super(WebDriver, self).__init__(DesiredCapabilities.CHROME['browserName'], \"goog\",\n../../../.local/lib/python3.8/site-packages/selenium/webdriver/chromium/webdriver.py:93: in __init__\n    RemoteWebDriver.__init__(\n../../../.local/lib/python3.8/site-packages/selenium/webdriver/remote/webdriver.py:269: in __init__\n    self.start_session(capabilities, browser_profile)\n../../../.local/lib/python3.8/site-packages/selenium/webdriver/remote/webdriver.py:360: in start_session\n    response = self.execute(Command.NEW_SESSION, parameters)\n../../../.local/lib/python3.8/site-packages/selenium/webdriver/remote/webdriver.py:425: in execute\n    self.error_handler.check_response(response)\n_ _ _ _ _ _ _ _ _ _ _ _ _ _ _ _ _ _ _ _ _ _ _ _ _ _ _ _ _ _ _ _ _ _ _ _ _ _ _ _ \n\nself = <selenium.webdriver.remote.errorhandler.ErrorHandler object at 0x7f414408bd30>\nresponse = {'status': 500, 'value': '{\"value\":{\"error\":\"unknown error\",\"message\":\"unknown error: Chrome failed to start: exited a...\\\\n#14 0x562653cccbe8 \\\\u003Cunknown>\\\\n#15 0x562653ce67fd \\\\u003Cunknown>\\\\n#16 0x7f88fc116609 \\\\u003Cunknown>\\\\n\"}}'}\n\n    def check_response(self, response: Dict[str, Any]) -> None:\n        \"\"\"\n        Checks that a JSON response from the WebDriver does not have an error.\n    \n        :Args:\n         - response - The JSON response from the WebDriver server as a dictionary\n           object.\n    \n        :Raises: If the response contains an error message.\n        \"\"\"\n        status = response.get('status', None)\n        if not status or status == ErrorCode.SUCCESS:\n            return\n        value = None\n        message = response.get(\"message\", \"\")\n        screen: str = response.get(\"screen\", \"\")\n        stacktrace = None\n        if isinstance(status, int):\n            value_json = response.get('value', None)\n            if value_json and isinstance(value_json, str):\n                import json\n                try:\n                    value = json.loads(value_json)\n                    if len(value.keys()) == 1:\n                        value = value['value']\n                    status = value.get('error', None)\n                    if not status:\n                        status = value.get(\"status\", ErrorCode.UNKNOWN_ERROR)\n                        message = value.get(\"value\") or value.get(\"message\")\n                        if not isinstance(message, str):\n                            value = message\n                            message = message.get('message')\n                    else:\n                        message = value.get('message', None)\n                except ValueError:\n                    pass\n    \n        exception_class: Type[WebDriverException]\n        if status in ErrorCode.NO_SUCH_ELEMENT:\n            exception_class = NoSuchElementException\n        elif status in ErrorCode.NO_SUCH_FRAME:\n            exception_class = NoSuchFrameException\n        elif status in ErrorCode.NO_SUCH_SHADOW_ROOT:\n            exception_class = NoSuchShadowRootException\n        elif status in ErrorCode.NO_SUCH_WINDOW:\n            exception_class = NoSuchWindowException\n        elif status in ErrorCode.STALE_ELEMENT_REFERENCE:\n            exception_class = StaleElementReferenceException\n        elif status in ErrorCode.ELEMENT_NOT_VISIBLE:\n            exception_class = ElementNotVisibleException\n        elif status in ErrorCode.INVALID_ELEMENT_STATE:\n            exception_class = InvalidElementStateException\n        elif status in ErrorCode.INVALID_SELECTOR \\\n                or status in ErrorCode.INVALID_XPATH_SELECTOR \\\n                or status in ErrorCode.INVALID_XPATH_SELECTOR_RETURN_TYPER:\n            exception_class = InvalidSelectorException\n        elif status in ErrorCode.ELEMENT_IS_NOT_SELECTABLE:\n            exception_class = ElementNotSelectableException\n        elif status in ErrorCode.ELEMENT_NOT_INTERACTABLE:\n            exception_class = ElementNotInteractableException\n        elif status in ErrorCode.INVALID_COOKIE_DOMAIN:\n            exception_class = InvalidCookieDomainException\n        elif status in ErrorCode.UNABLE_TO_SET_COOKIE:\n            exception_class = UnableToSetCookieException\n        elif status in ErrorCode.TIMEOUT:\n            exception_class = TimeoutException\n        elif status in ErrorCode.SCRIPT_TIMEOUT:\n            exception_class = TimeoutException\n        elif status in ErrorCode.UNKNOWN_ERROR:\n            exception_class = WebDriverException\n        elif status in ErrorCode.UNEXPECTED_ALERT_OPEN:\n            exception_class = UnexpectedAlertPresentException\n        elif status in ErrorCode.NO_ALERT_OPEN:\n            exception_class = NoAlertPresentException\n        elif status in ErrorCode.IME_NOT_AVAILABLE:\n            exception_class = ImeNotAvailableException\n        elif status in ErrorCode.IME_ENGINE_ACTIVATION_FAILED:\n            exception_class = ImeActivationFailedException\n        elif status in ErrorCode.MOVE_TARGET_OUT_OF_BOUNDS:\n            exception_class = MoveTargetOutOfBoundsException\n        elif status in ErrorCode.JAVASCRIPT_ERROR:\n            exception_class = JavascriptException\n        elif status in ErrorCode.SESSION_NOT_CREATED:\n            exception_class = SessionNotCreatedException\n        elif status in ErrorCode.INVALID_ARGUMENT:\n            exception_class = InvalidArgumentException\n        elif status in ErrorCode.NO_SUCH_COOKIE:\n            exception_class = NoSuchCookieException\n        elif status in ErrorCode.UNABLE_TO_CAPTURE_SCREEN:\n            exception_class = ScreenshotException\n        elif status in ErrorCode.ELEMENT_CLICK_INTERCEPTED:\n            exception_class = ElementClickInterceptedException\n        elif status in ErrorCode.INSECURE_CERTIFICATE:\n            exception_class = InsecureCertificateException\n        elif status in ErrorCode.INVALID_COORDINATES:\n            exception_class = InvalidCoordinatesException\n        elif status in ErrorCode.INVALID_SESSION_ID:\n            exception_class = InvalidSessionIdException\n        elif status in ErrorCode.UNKNOWN_METHOD:\n            exception_class = UnknownMethodException\n        else:\n            exception_class = WebDriverException\n        if not value:\n            value = response['value']\n        if isinstance(value, str):\n            raise exception_class(value)\n        if message == \"\" and 'message' in value:\n            message = value['message']\n    \n        screen = None  # type: ignore[assignment]\n        if 'screen' in value:\n            screen = value['screen']\n    \n        stacktrace = None\n        st_value = value.get('stackTrace') or value.get('stacktrace')\n        if st_value:\n            if isinstance(st_value, str):\n                stacktrace = st_value.split('\\n')\n            else:\n                stacktrace = []\n                try:\n                    for frame in st_value:\n                        line = self._value_or_default(frame, 'lineNumber', '')\n                        file = self._value_or_default(frame, 'fileName', '<anonymous>')\n                        if line:\n                            file = \"%s:%s\" % (file, line)\n                        meth = self._value_or_default(frame, 'methodName', '<anonymous>')\n                        if 'className' in frame:\n                            meth = \"%s.%s\" % (frame['className'], meth)\n                        msg = \"    at %s (%s)\"\n                        msg = msg % (meth, file)\n                        stacktrace.append(msg)\n                except TypeError:\n                    pass\n        if exception_class == UnexpectedAlertPresentException:\n            alert_text = None\n            if 'data' in value:\n                alert_text = value['data'].get('text')\n            elif 'alert' in value:\n                alert_text = value['alert'].get('text')\n            raise exception_class(message, screen, stacktrace, alert_text)  # type: ignore[call-arg]  # mypy is not smart enough here\n>       raise exception_class(message, screen, stacktrace)\nE       selenium.common.exceptions.WebDriverException: Message: unknown error: Chrome failed to start: exited abnormally.\nE         (unknown error: DevToolsActivePort file doesn't exist)\nE         (The process started from chrome location /usr/bin/google-chrome is no longer running, so ChromeDriver is assuming that Chrome has crashed.)\nE       Stacktrace:\nE       #0 0x562653c68ad3 <unknown>\nE       #1 0x5626539c8568 <unknown>\nE       #2 0x5626539ebb37 <unknown>\nE       #3 0x5626539e723a <unknown>\nE       #4 0x562653a222ba <unknown>\nE       #5 0x562653a1c4e3 <unknown>\nE       #6 0x5626539f1d1a <unknown>\nE       #7 0x5626539f2e75 <unknown>\nE       #8 0x562653c96efd <unknown>\nE       #9 0x562653cb019b <unknown>\nE       #10 0x562653c98c65 <unknown>\nE       #11 0x562653cb0ec8 <unknown>\nE       #12 0x562653c8c360 <unknown>\nE       #13 0x562653ccca68 <unknown>\nE       #14 0x562653cccbe8 <unknown>\nE       #15 0x562653ce67fd <unknown>\nE       #16 0x7f88fc116609 <unknown>\n\n../../../.local/lib/python3.8/site-packages/selenium/webdriver/remote/errorhandler.py:247: WebDriverException",
  "flaky" : false,
  "newFailed" : false,
  "beforeStages" : [ {
    "name" : "_session_faker",
    "time" : {
      "start" : 1650903800184,
      "stop" : 1650903800197,
      "duration" : 13
    },
    "status" : "passed",
    "steps" : [ ],
    "attachments" : [ ],
    "parameters" : [ ],
    "stepsCount" : 0,
    "attachmentsCount" : 0,
    "shouldDisplayMessage" : false,
    "hasContent" : false
  }, {
    "name" : "register_user",
    "time" : {
      "start" : 1650903805777,
      "stop" : 1650903806215,
      "duration" : 438
    },
    "status" : "passed",
    "steps" : [ ],
    "attachments" : [ ],
    "parameters" : [ ],
    "stepsCount" : 0,
    "attachmentsCount" : 0,
    "shouldDisplayMessage" : false,
    "hasContent" : false
  }, {
    "name" : "app",
    "time" : {
      "start" : 1650903807718,
      "stop" : 1650903808422,
      "duration" : 704
    },
    "status" : "broken",
    "statusMessage" : "selenium.common.exceptions.WebDriverException: Message: unknown error: Chrome failed to start: exited abnormally.\n  (unknown error: DevToolsActivePort file doesn't exist)\n  (The process started from chrome location /usr/bin/google-chrome is no longer running, so ChromeDriver is assuming that Chrome has crashed.)\nStacktrace:\n#0 0x562653c68ad3 <unknown>\n#1 0x5626539c8568 <unknown>\n#2 0x5626539ebb37 <unknown>\n#3 0x5626539e723a <unknown>\n#4 0x562653a222ba <unknown>\n#5 0x562653a1c4e3 <unknown>\n#6 0x5626539f1d1a <unknown>\n#7 0x5626539f2e75 <unknown>\n#8 0x562653c96efd <unknown>\n#9 0x562653cb019b <unknown>\n#10 0x562653c98c65 <unknown>\n#11 0x562653cb0ec8 <unknown>\n#12 0x562653c8c360 <unknown>\n#13 0x562653ccca68 <unknown>\n#14 0x562653cccbe8 <unknown>\n#15 0x562653ce67fd <unknown>\n#16 0x7f88fc116609 <unknown>\n\n",
    "statusTrace" : "  File \"/home/runner/.local/lib/python3.8/site-packages/pluggy/_callers.py\", line 39, in _multicall\n    res = hook_impl.function(*args)\n  File \"/home/runner/.local/lib/python3.8/site-packages/_pytest/fixtures.py\", line 1122, in pytest_fixture_setup\n    result = call_fixture_func(fixturefunc, request, kwargs)\n  File \"/home/runner/.local/lib/python3.8/site-packages/_pytest/fixtures.py\", line 917, in call_fixture_func\n    fixture_result = next(generator)\n  File \"/home/runner/work/Test_with_a_team/Test_with_a_team/conftest.py\", line 38, in app\n    driver = webdriver.Chrome(ChromeDriverManager().install(),\n  File \"/home/runner/.local/lib/python3.8/site-packages/selenium/webdriver/chrome/webdriver.py\", line 70, in __init__\n    super(WebDriver, self).__init__(DesiredCapabilities.CHROME['browserName'], \"goog\",\n  File \"/home/runner/.local/lib/python3.8/site-packages/selenium/webdriver/chromium/webdriver.py\", line 93, in __init__\n    RemoteWebDriver.__init__(\n  File \"/home/runner/.local/lib/python3.8/site-packages/selenium/webdriver/remote/webdriver.py\", line 269, in __init__\n    self.start_session(capabilities, browser_profile)\n  File \"/home/runner/.local/lib/python3.8/site-packages/selenium/webdriver/remote/webdriver.py\", line 360, in start_session\n    response = self.execute(Command.NEW_SESSION, parameters)\n  File \"/home/runner/.local/lib/python3.8/site-packages/selenium/webdriver/remote/webdriver.py\", line 425, in execute\n    self.error_handler.check_response(response)\n  File \"/home/runner/.local/lib/python3.8/site-packages/selenium/webdriver/remote/errorhandler.py\", line 247, in check_response\n    raise exception_class(message, screen, stacktrace)\n",
    "steps" : [ ],
    "attachments" : [ ],
    "parameters" : [ ],
    "stepsCount" : 0,
    "attachmentsCount" : 0,
    "shouldDisplayMessage" : true,
    "hasContent" : true
  } ],
  "testStage" : {
    "description" : "\n        Попытка авторизации с незаполненым паролем.\n        ",
    "status" : "broken",
    "statusMessage" : "selenium.common.exceptions.WebDriverException: Message: unknown error: Chrome failed to start: exited abnormally.\n  (unknown error: DevToolsActivePort file doesn't exist)\n  (The process started from chrome location /usr/bin/google-chrome is no longer running, so ChromeDriver is assuming that Chrome has crashed.)\nStacktrace:\n#0 0x562653c68ad3 <unknown>\n#1 0x5626539c8568 <unknown>\n#2 0x5626539ebb37 <unknown>\n#3 0x5626539e723a <unknown>\n#4 0x562653a222ba <unknown>\n#5 0x562653a1c4e3 <unknown>\n#6 0x5626539f1d1a <unknown>\n#7 0x5626539f2e75 <unknown>\n#8 0x562653c96efd <unknown>\n#9 0x562653cb019b <unknown>\n#10 0x562653c98c65 <unknown>\n#11 0x562653cb0ec8 <unknown>\n#12 0x562653c8c360 <unknown>\n#13 0x562653ccca68 <unknown>\n#14 0x562653cccbe8 <unknown>\n#15 0x562653ce67fd <unknown>\n#16 0x7f88fc116609 <unknown>",
    "statusTrace" : "request = <SubRequest 'app' for <Function test_login_with_empty_password>>\n\n    @pytest.fixture\n    def app(request):\n        url = request.config.getoption(\"--url\")\n        logger.info(f\"Start app on {url}\")\n        headless = request.config.getoption(\"--headless\")\n        chrome_options = Options()\n        chrome_options.add_argument(\"window-size=1800,1080\")\n        if headless:\n            chrome_options.headless = True\n        else:\n            chrome_options.headless = False\n>       driver = webdriver.Chrome(ChromeDriverManager().install(),\n                                  options=chrome_options)\n\nconftest.py:38: \n_ _ _ _ _ _ _ _ _ _ _ _ _ _ _ _ _ _ _ _ _ _ _ _ _ _ _ _ _ _ _ _ _ _ _ _ _ _ _ _ \n../../../.local/lib/python3.8/site-packages/selenium/webdriver/chrome/webdriver.py:70: in __init__\n    super(WebDriver, self).__init__(DesiredCapabilities.CHROME['browserName'], \"goog\",\n../../../.local/lib/python3.8/site-packages/selenium/webdriver/chromium/webdriver.py:93: in __init__\n    RemoteWebDriver.__init__(\n../../../.local/lib/python3.8/site-packages/selenium/webdriver/remote/webdriver.py:269: in __init__\n    self.start_session(capabilities, browser_profile)\n../../../.local/lib/python3.8/site-packages/selenium/webdriver/remote/webdriver.py:360: in start_session\n    response = self.execute(Command.NEW_SESSION, parameters)\n../../../.local/lib/python3.8/site-packages/selenium/webdriver/remote/webdriver.py:425: in execute\n    self.error_handler.check_response(response)\n_ _ _ _ _ _ _ _ _ _ _ _ _ _ _ _ _ _ _ _ _ _ _ _ _ _ _ _ _ _ _ _ _ _ _ _ _ _ _ _ \n\nself = <selenium.webdriver.remote.errorhandler.ErrorHandler object at 0x7f414408bd30>\nresponse = {'status': 500, 'value': '{\"value\":{\"error\":\"unknown error\",\"message\":\"unknown error: Chrome failed to start: exited a...\\\\n#14 0x562653cccbe8 \\\\u003Cunknown>\\\\n#15 0x562653ce67fd \\\\u003Cunknown>\\\\n#16 0x7f88fc116609 \\\\u003Cunknown>\\\\n\"}}'}\n\n    def check_response(self, response: Dict[str, Any]) -> None:\n        \"\"\"\n        Checks that a JSON response from the WebDriver does not have an error.\n    \n        :Args:\n         - response - The JSON response from the WebDriver server as a dictionary\n           object.\n    \n        :Raises: If the response contains an error message.\n        \"\"\"\n        status = response.get('status', None)\n        if not status or status == ErrorCode.SUCCESS:\n            return\n        value = None\n        message = response.get(\"message\", \"\")\n        screen: str = response.get(\"screen\", \"\")\n        stacktrace = None\n        if isinstance(status, int):\n            value_json = response.get('value', None)\n            if value_json and isinstance(value_json, str):\n                import json\n                try:\n                    value = json.loads(value_json)\n                    if len(value.keys()) == 1:\n                        value = value['value']\n                    status = value.get('error', None)\n                    if not status:\n                        status = value.get(\"status\", ErrorCode.UNKNOWN_ERROR)\n                        message = value.get(\"value\") or value.get(\"message\")\n                        if not isinstance(message, str):\n                            value = message\n                            message = message.get('message')\n                    else:\n                        message = value.get('message', None)\n                except ValueError:\n                    pass\n    \n        exception_class: Type[WebDriverException]\n        if status in ErrorCode.NO_SUCH_ELEMENT:\n            exception_class = NoSuchElementException\n        elif status in ErrorCode.NO_SUCH_FRAME:\n            exception_class = NoSuchFrameException\n        elif status in ErrorCode.NO_SUCH_SHADOW_ROOT:\n            exception_class = NoSuchShadowRootException\n        elif status in ErrorCode.NO_SUCH_WINDOW:\n            exception_class = NoSuchWindowException\n        elif status in ErrorCode.STALE_ELEMENT_REFERENCE:\n            exception_class = StaleElementReferenceException\n        elif status in ErrorCode.ELEMENT_NOT_VISIBLE:\n            exception_class = ElementNotVisibleException\n        elif status in ErrorCode.INVALID_ELEMENT_STATE:\n            exception_class = InvalidElementStateException\n        elif status in ErrorCode.INVALID_SELECTOR \\\n                or status in ErrorCode.INVALID_XPATH_SELECTOR \\\n                or status in ErrorCode.INVALID_XPATH_SELECTOR_RETURN_TYPER:\n            exception_class = InvalidSelectorException\n        elif status in ErrorCode.ELEMENT_IS_NOT_SELECTABLE:\n            exception_class = ElementNotSelectableException\n        elif status in ErrorCode.ELEMENT_NOT_INTERACTABLE:\n            exception_class = ElementNotInteractableException\n        elif status in ErrorCode.INVALID_COOKIE_DOMAIN:\n            exception_class = InvalidCookieDomainException\n        elif status in ErrorCode.UNABLE_TO_SET_COOKIE:\n            exception_class = UnableToSetCookieException\n        elif status in ErrorCode.TIMEOUT:\n            exception_class = TimeoutException\n        elif status in ErrorCode.SCRIPT_TIMEOUT:\n            exception_class = TimeoutException\n        elif status in ErrorCode.UNKNOWN_ERROR:\n            exception_class = WebDriverException\n        elif status in ErrorCode.UNEXPECTED_ALERT_OPEN:\n            exception_class = UnexpectedAlertPresentException\n        elif status in ErrorCode.NO_ALERT_OPEN:\n            exception_class = NoAlertPresentException\n        elif status in ErrorCode.IME_NOT_AVAILABLE:\n            exception_class = ImeNotAvailableException\n        elif status in ErrorCode.IME_ENGINE_ACTIVATION_FAILED:\n            exception_class = ImeActivationFailedException\n        elif status in ErrorCode.MOVE_TARGET_OUT_OF_BOUNDS:\n            exception_class = MoveTargetOutOfBoundsException\n        elif status in ErrorCode.JAVASCRIPT_ERROR:\n            exception_class = JavascriptException\n        elif status in ErrorCode.SESSION_NOT_CREATED:\n            exception_class = SessionNotCreatedException\n        elif status in ErrorCode.INVALID_ARGUMENT:\n            exception_class = InvalidArgumentException\n        elif status in ErrorCode.NO_SUCH_COOKIE:\n            exception_class = NoSuchCookieException\n        elif status in ErrorCode.UNABLE_TO_CAPTURE_SCREEN:\n            exception_class = ScreenshotException\n        elif status in ErrorCode.ELEMENT_CLICK_INTERCEPTED:\n            exception_class = ElementClickInterceptedException\n        elif status in ErrorCode.INSECURE_CERTIFICATE:\n            exception_class = InsecureCertificateException\n        elif status in ErrorCode.INVALID_COORDINATES:\n            exception_class = InvalidCoordinatesException\n        elif status in ErrorCode.INVALID_SESSION_ID:\n            exception_class = InvalidSessionIdException\n        elif status in ErrorCode.UNKNOWN_METHOD:\n            exception_class = UnknownMethodException\n        else:\n            exception_class = WebDriverException\n        if not value:\n            value = response['value']\n        if isinstance(value, str):\n            raise exception_class(value)\n        if message == \"\" and 'message' in value:\n            message = value['message']\n    \n        screen = None  # type: ignore[assignment]\n        if 'screen' in value:\n            screen = value['screen']\n    \n        stacktrace = None\n        st_value = value.get('stackTrace') or value.get('stacktrace')\n        if st_value:\n            if isinstance(st_value, str):\n                stacktrace = st_value.split('\\n')\n            else:\n                stacktrace = []\n                try:\n                    for frame in st_value:\n                        line = self._value_or_default(frame, 'lineNumber', '')\n                        file = self._value_or_default(frame, 'fileName', '<anonymous>')\n                        if line:\n                            file = \"%s:%s\" % (file, line)\n                        meth = self._value_or_default(frame, 'methodName', '<anonymous>')\n                        if 'className' in frame:\n                            meth = \"%s.%s\" % (frame['className'], meth)\n                        msg = \"    at %s (%s)\"\n                        msg = msg % (meth, file)\n                        stacktrace.append(msg)\n                except TypeError:\n                    pass\n        if exception_class == UnexpectedAlertPresentException:\n            alert_text = None\n            if 'data' in value:\n                alert_text = value['data'].get('text')\n            elif 'alert' in value:\n                alert_text = value['alert'].get('text')\n            raise exception_class(message, screen, stacktrace, alert_text)  # type: ignore[call-arg]  # mypy is not smart enough here\n>       raise exception_class(message, screen, stacktrace)\nE       selenium.common.exceptions.WebDriverException: Message: unknown error: Chrome failed to start: exited abnormally.\nE         (unknown error: DevToolsActivePort file doesn't exist)\nE         (The process started from chrome location /usr/bin/google-chrome is no longer running, so ChromeDriver is assuming that Chrome has crashed.)\nE       Stacktrace:\nE       #0 0x562653c68ad3 <unknown>\nE       #1 0x5626539c8568 <unknown>\nE       #2 0x5626539ebb37 <unknown>\nE       #3 0x5626539e723a <unknown>\nE       #4 0x562653a222ba <unknown>\nE       #5 0x562653a1c4e3 <unknown>\nE       #6 0x5626539f1d1a <unknown>\nE       #7 0x5626539f2e75 <unknown>\nE       #8 0x562653c96efd <unknown>\nE       #9 0x562653cb019b <unknown>\nE       #10 0x562653c98c65 <unknown>\nE       #11 0x562653cb0ec8 <unknown>\nE       #12 0x562653c8c360 <unknown>\nE       #13 0x562653ccca68 <unknown>\nE       #14 0x562653cccbe8 <unknown>\nE       #15 0x562653ce67fd <unknown>\nE       #16 0x7f88fc116609 <unknown>\n\n../../../.local/lib/python3.8/site-packages/selenium/webdriver/remote/errorhandler.py:247: WebDriverException",
    "steps" : [ ],
    "attachments" : [ {
      "uid" : "b41a0720c7c7d989",
      "name" : "log",
      "source" : "b41a0720c7c7d989.txt",
      "type" : "text/plain",
      "size" : 438
    }, {
      "uid" : "f720d3ea8d509b6d",
      "name" : "stderr",
      "source" : "f720d3ea8d509b6d.txt",
      "type" : "text/plain",
      "size" : 237
    } ],
    "parameters" : [ ],
    "stepsCount" : 0,
    "attachmentsCount" : 2,
    "shouldDisplayMessage" : true,
    "hasContent" : true
  },
  "afterStages" : [ ],
  "labels" : [ {
    "name" : "story",
    "value" : "Test good test and bad test"
  }, {
    "name" : "feature",
    "value" : "Test login"
  }, {
    "name" : "parentSuite",
    "value" : "test"
  }, {
    "name" : "suite",
    "value" : "test_login_page"
  }, {
    "name" : "subSuite",
    "value" : "TestLoginPage"
  }, {
    "name" : "host",
    "value" : "fv-az292-76"
  }, {
    "name" : "thread",
    "value" : "2219-MainThread"
  }, {
    "name" : "framework",
    "value" : "pytest"
  }, {
    "name" : "language",
    "value" : "cpython3"
  }, {
    "name" : "package",
    "value" : "test.test_login_page"
  }, {
    "name" : "resultFormat",
    "value" : "allure2"
  } ],
  "parameters" : [ ],
  "links" : [ ],
  "hidden" : false,
  "retry" : false,
  "extra" : {
    "severity" : "normal",
    "retries" : [ ],
    "categories" : [ {
      "name" : "Test defects",
      "matchedStatuses" : [ ],
      "flaky" : false
    } ],
    "history" : {
      "statistic" : {
        "failed" : 0,
        "broken" : 6,
        "skipped" : 0,
        "passed" : 0,
        "unknown" : 0,
        "total" : 6
      },
      "items" : [ {
        "uid" : "201781fad686d5ac",
        "reportUrl" : "https://ArkadiyVoronov.github.io/Test_with_a_team/9//#testresult/201781fad686d5ac",
        "status" : "broken",
        "statusDetails" : "selenium.common.exceptions.WebDriverException: Message: unknown error: Chrome failed to start: exited abnormally.\n  (unknown error: DevToolsActivePort file doesn't exist)\n  (The process started from chrome location /usr/bin/google-chrome is no longer running, so ChromeDriver is assuming that Chrome has crashed.)\nStacktrace:\n#0 0x55aa98a06ad3 <unknown>\n#1 0x55aa98766568 <unknown>\n#2 0x55aa98789b37 <unknown>\n#3 0x55aa9878523a <unknown>\n#4 0x55aa987c02ba <unknown>\n#5 0x55aa987ba4e3 <unknown>\n#6 0x55aa9878fd1a <unknown>\n#7 0x55aa98790e75 <unknown>\n#8 0x55aa98a34efd <unknown>\n#9 0x55aa98a4e19b <unknown>\n#10 0x55aa98a36c65 <unknown>\n#11 0x55aa98a4eec8 <unknown>\n#12 0x55aa98a2a360 <unknown>\n#13 0x55aa98a6aa68 <unknown>\n#14 0x55aa98a6abe8 <unknown>\n#15 0x55aa98a847fd <unknown>\n#16 0x7fc846bd5609 <unknown>",
        "time" : {
          "start" : 1650554006874,
          "stop" : 1650554006874,
          "duration" : 0
        }
      }, {
        "uid" : "248a78ec624a4f36",
        "reportUrl" : "https://ArkadiyVoronov.github.io/Test_with_a_team/8//#testresult/248a78ec624a4f36",
        "status" : "broken",
        "statusDetails" : "selenium.common.exceptions.WebDriverException: Message: unknown error: Chrome failed to start: exited abnormally.\n  (unknown error: DevToolsActivePort file doesn't exist)\n  (The process started from chrome location /usr/bin/google-chrome is no longer running, so ChromeDriver is assuming that Chrome has crashed.)\nStacktrace:\n#0 0x56139078aad3 <unknown>\n#1 0x5613904ea568 <unknown>\n#2 0x56139050db37 <unknown>\n#3 0x56139050923a <unknown>\n#4 0x5613905442ba <unknown>\n#5 0x56139053e4e3 <unknown>\n#6 0x561390513d1a <unknown>\n#7 0x561390514e75 <unknown>\n#8 0x5613907b8efd <unknown>\n#9 0x5613907d219b <unknown>\n#10 0x5613907bac65 <unknown>\n#11 0x5613907d2ec8 <unknown>\n#12 0x5613907ae360 <unknown>\n#13 0x5613907eea68 <unknown>\n#14 0x5613907eebe8 <unknown>\n#15 0x5613908087fd <unknown>\n#16 0x7fdbe4509609 <unknown>",
        "time" : {
          "start" : 1650553929970,
          "stop" : 1650553929970,
          "duration" : 0
        }
      }, {
        "uid" : "e2b6a1c6adb262cf",
        "reportUrl" : "https://ArkadiyVoronov.github.io/Test_with_a_team/7//#testresult/e2b6a1c6adb262cf",
        "status" : "broken",
        "statusDetails" : "selenium.common.exceptions.WebDriverException: Message: unknown error: Chrome failed to start: exited abnormally.\n  (unknown error: DevToolsActivePort file doesn't exist)\n  (The process started from chrome location /usr/bin/google-chrome is no longer running, so ChromeDriver is assuming that Chrome has crashed.)\nStacktrace:\n#0 0x55c8cde27ad3 <unknown>\n#1 0x55c8cdb87568 <unknown>\n#2 0x55c8cdbaab37 <unknown>\n#3 0x55c8cdba623a <unknown>\n#4 0x55c8cdbe12ba <unknown>\n#5 0x55c8cdbdb4e3 <unknown>\n#6 0x55c8cdbb0d1a <unknown>\n#7 0x55c8cdbb1e75 <unknown>\n#8 0x55c8cde55efd <unknown>\n#9 0x55c8cde6f19b <unknown>\n#10 0x55c8cde57c65 <unknown>\n#11 0x55c8cde6fec8 <unknown>\n#12 0x55c8cde4b360 <unknown>\n#13 0x55c8cde8ba68 <unknown>\n#14 0x55c8cde8bbe8 <unknown>\n#15 0x55c8cdea57fd <unknown>\n#16 0x7faa64e78609 <unknown>",
        "time" : {
          "start" : 1650553746017,
          "stop" : 1650553746017,
          "duration" : 0
        }
      }, {
        "uid" : "e0b4e1baea556da5",
        "reportUrl" : "https://ArkadiyVoronov.github.io/Test_with_a_team/6//#testresult/e0b4e1baea556da5",
        "status" : "broken",
        "statusDetails" : "selenium.common.exceptions.WebDriverException: Message: unknown error: Chrome failed to start: exited abnormally.\n  (unknown error: DevToolsActivePort file doesn't exist)\n  (The process started from chrome location /usr/bin/google-chrome is no longer running, so ChromeDriver is assuming that Chrome has crashed.)\nStacktrace:\n#0 0x55a3003c7ad3 <unknown>\n#1 0x55a300127568 <unknown>\n#2 0x55a30014ab37 <unknown>\n#3 0x55a30014623a <unknown>\n#4 0x55a3001812ba <unknown>\n#5 0x55a30017b4e3 <unknown>\n#6 0x55a300150d1a <unknown>\n#7 0x55a300151e75 <unknown>\n#8 0x55a3003f5efd <unknown>\n#9 0x55a30040f19b <unknown>\n#10 0x55a3003f7c65 <unknown>\n#11 0x55a30040fec8 <unknown>\n#12 0x55a3003eb360 <unknown>\n#13 0x55a30042ba68 <unknown>\n#14 0x55a30042bbe8 <unknown>\n#15 0x55a3004457fd <unknown>\n#16 0x7f8d7c560609 <unknown>",
        "time" : {
          "start" : 1650553591275,
          "stop" : 1650553591275,
          "duration" : 0
        }
      }, {
        "uid" : "2a273f72e2ec77dc",
        "reportUrl" : "https://ArkadiyVoronov.github.io/Test_with_a_team/4//#testresult/2a273f72e2ec77dc",
        "status" : "broken",
        "statusDetails" : "selenium.common.exceptions.WebDriverException: Message: unknown error: Chrome failed to start: exited abnormally.\n  (unknown error: DevToolsActivePort file doesn't exist)\n  (The process started from chrome location /usr/bin/google-chrome is no longer running, so ChromeDriver is assuming that Chrome has crashed.)\nStacktrace:\n#0 0x556bb23cbad3 <unknown>\n#1 0x556bb212b568 <unknown>\n#2 0x556bb214eb37 <unknown>\n#3 0x556bb214a23a <unknown>\n#4 0x556bb21852ba <unknown>\n#5 0x556bb217f4e3 <unknown>\n#6 0x556bb2154d1a <unknown>\n#7 0x556bb2155e75 <unknown>\n#8 0x556bb23f9efd <unknown>\n#9 0x556bb241319b <unknown>\n#10 0x556bb23fbc65 <unknown>\n#11 0x556bb2413ec8 <unknown>\n#12 0x556bb23ef360 <unknown>\n#13 0x556bb242fa68 <unknown>\n#14 0x556bb242fbe8 <unknown>\n#15 0x556bb24497fd <unknown>\n#16 0x7f5458d6e609 <unknown>",
        "time" : {
          "start" : 1650552889621,
          "stop" : 1650552889621,
          "duration" : 0
        }
      } ]
    },
    "tags" : [ ]
  },
  "source" : "2c332c15c4f7eefc.json",
  "parameterValues" : [ ]
}