{
  "uid" : "562c9753c85b6338",
  "name" : "test_empty_card_date",
  "fullName" : "test.test_balance_page.TestBalancePage#test_empty_card_date",
  "historyId" : "09b650026b167d1bbd53af708590c677",
  "time" : {
    "start" : 1650903803533,
    "stop" : 1650903803533,
    "duration" : 0
  },
  "description" : "\n        Пополнение баланса без заполнения даты действия карты.\n        ",
  "descriptionHtml" : "<pre><code>    Пополнение баланса без заполнения даты действия карты.\n</code></pre>\n",
  "status" : "broken",
  "statusMessage" : "selenium.common.exceptions.WebDriverException: Message: unknown error: Chrome failed to start: exited abnormally.\n  (unknown error: DevToolsActivePort file doesn't exist)\n  (The process started from chrome location /usr/bin/google-chrome is no longer running, so ChromeDriver is assuming that Chrome has crashed.)\nStacktrace:\n#0 0x564454c93ad3 <unknown>\n#1 0x5644549f3568 <unknown>\n#2 0x564454a16b37 <unknown>\n#3 0x564454a1223a <unknown>\n#4 0x564454a4d2ba <unknown>\n#5 0x564454a474e3 <unknown>\n#6 0x564454a1cd1a <unknown>\n#7 0x564454a1de75 <unknown>\n#8 0x564454cc1efd <unknown>\n#9 0x564454cdb19b <unknown>\n#10 0x564454cc3c65 <unknown>\n#11 0x564454cdbec8 <unknown>\n#12 0x564454cb7360 <unknown>\n#13 0x564454cf7a68 <unknown>\n#14 0x564454cf7be8 <unknown>\n#15 0x564454d117fd <unknown>\n#16 0x7fdd93865609 <unknown>",
  "statusTrace" : "request = <SubRequest 'app' for <Function test_empty_card_date>>\n\n    @pytest.fixture\n    def app(request):\n        url = request.config.getoption(\"--url\")\n        logger.info(f\"Start app on {url}\")\n        headless = request.config.getoption(\"--headless\")\n        chrome_options = Options()\n        chrome_options.add_argument(\"window-size=1800,1080\")\n        if headless:\n            chrome_options.headless = True\n        else:\n            chrome_options.headless = False\n>       driver = webdriver.Chrome(ChromeDriverManager().install(),\n                                  options=chrome_options)\n\nconftest.py:38: \n_ _ _ _ _ _ _ _ _ _ _ _ _ _ _ _ _ _ _ _ _ _ _ _ _ _ _ _ _ _ _ _ _ _ _ _ _ _ _ _ \n../../../.local/lib/python3.8/site-packages/selenium/webdriver/chrome/webdriver.py:70: in __init__\n    super(WebDriver, self).__init__(DesiredCapabilities.CHROME['browserName'], \"goog\",\n../../../.local/lib/python3.8/site-packages/selenium/webdriver/chromium/webdriver.py:93: in __init__\n    RemoteWebDriver.__init__(\n../../../.local/lib/python3.8/site-packages/selenium/webdriver/remote/webdriver.py:269: in __init__\n    self.start_session(capabilities, browser_profile)\n../../../.local/lib/python3.8/site-packages/selenium/webdriver/remote/webdriver.py:360: in start_session\n    response = self.execute(Command.NEW_SESSION, parameters)\n../../../.local/lib/python3.8/site-packages/selenium/webdriver/remote/webdriver.py:425: in execute\n    self.error_handler.check_response(response)\n_ _ _ _ _ _ _ _ _ _ _ _ _ _ _ _ _ _ _ _ _ _ _ _ _ _ _ _ _ _ _ _ _ _ _ _ _ _ _ _ \n\nself = <selenium.webdriver.remote.errorhandler.ErrorHandler object at 0x7f41442397c0>\nresponse = {'status': 500, 'value': '{\"value\":{\"error\":\"unknown error\",\"message\":\"unknown error: Chrome failed to start: exited a...\\\\n#14 0x564454cf7be8 \\\\u003Cunknown>\\\\n#15 0x564454d117fd \\\\u003Cunknown>\\\\n#16 0x7fdd93865609 \\\\u003Cunknown>\\\\n\"}}'}\n\n    def check_response(self, response: Dict[str, Any]) -> None:\n        \"\"\"\n        Checks that a JSON response from the WebDriver does not have an error.\n    \n        :Args:\n         - response - The JSON response from the WebDriver server as a dictionary\n           object.\n    \n        :Raises: If the response contains an error message.\n        \"\"\"\n        status = response.get('status', None)\n        if not status or status == ErrorCode.SUCCESS:\n            return\n        value = None\n        message = response.get(\"message\", \"\")\n        screen: str = response.get(\"screen\", \"\")\n        stacktrace = None\n        if isinstance(status, int):\n            value_json = response.get('value', None)\n            if value_json and isinstance(value_json, str):\n                import json\n                try:\n                    value = json.loads(value_json)\n                    if len(value.keys()) == 1:\n                        value = value['value']\n                    status = value.get('error', None)\n                    if not status:\n                        status = value.get(\"status\", ErrorCode.UNKNOWN_ERROR)\n                        message = value.get(\"value\") or value.get(\"message\")\n                        if not isinstance(message, str):\n                            value = message\n                            message = message.get('message')\n                    else:\n                        message = value.get('message', None)\n                except ValueError:\n                    pass\n    \n        exception_class: Type[WebDriverException]\n        if status in ErrorCode.NO_SUCH_ELEMENT:\n            exception_class = NoSuchElementException\n        elif status in ErrorCode.NO_SUCH_FRAME:\n            exception_class = NoSuchFrameException\n        elif status in ErrorCode.NO_SUCH_SHADOW_ROOT:\n            exception_class = NoSuchShadowRootException\n        elif status in ErrorCode.NO_SUCH_WINDOW:\n            exception_class = NoSuchWindowException\n        elif status in ErrorCode.STALE_ELEMENT_REFERENCE:\n            exception_class = StaleElementReferenceException\n        elif status in ErrorCode.ELEMENT_NOT_VISIBLE:\n            exception_class = ElementNotVisibleException\n        elif status in ErrorCode.INVALID_ELEMENT_STATE:\n            exception_class = InvalidElementStateException\n        elif status in ErrorCode.INVALID_SELECTOR \\\n                or status in ErrorCode.INVALID_XPATH_SELECTOR \\\n                or status in ErrorCode.INVALID_XPATH_SELECTOR_RETURN_TYPER:\n            exception_class = InvalidSelectorException\n        elif status in ErrorCode.ELEMENT_IS_NOT_SELECTABLE:\n            exception_class = ElementNotSelectableException\n        elif status in ErrorCode.ELEMENT_NOT_INTERACTABLE:\n            exception_class = ElementNotInteractableException\n        elif status in ErrorCode.INVALID_COOKIE_DOMAIN:\n            exception_class = InvalidCookieDomainException\n        elif status in ErrorCode.UNABLE_TO_SET_COOKIE:\n            exception_class = UnableToSetCookieException\n        elif status in ErrorCode.TIMEOUT:\n            exception_class = TimeoutException\n        elif status in ErrorCode.SCRIPT_TIMEOUT:\n            exception_class = TimeoutException\n        elif status in ErrorCode.UNKNOWN_ERROR:\n            exception_class = WebDriverException\n        elif status in ErrorCode.UNEXPECTED_ALERT_OPEN:\n            exception_class = UnexpectedAlertPresentException\n        elif status in ErrorCode.NO_ALERT_OPEN:\n            exception_class = NoAlertPresentException\n        elif status in ErrorCode.IME_NOT_AVAILABLE:\n            exception_class = ImeNotAvailableException\n        elif status in ErrorCode.IME_ENGINE_ACTIVATION_FAILED:\n            exception_class = ImeActivationFailedException\n        elif status in ErrorCode.MOVE_TARGET_OUT_OF_BOUNDS:\n            exception_class = MoveTargetOutOfBoundsException\n        elif status in ErrorCode.JAVASCRIPT_ERROR:\n            exception_class = JavascriptException\n        elif status in ErrorCode.SESSION_NOT_CREATED:\n            exception_class = SessionNotCreatedException\n        elif status in ErrorCode.INVALID_ARGUMENT:\n            exception_class = InvalidArgumentException\n        elif status in ErrorCode.NO_SUCH_COOKIE:\n            exception_class = NoSuchCookieException\n        elif status in ErrorCode.UNABLE_TO_CAPTURE_SCREEN:\n            exception_class = ScreenshotException\n        elif status in ErrorCode.ELEMENT_CLICK_INTERCEPTED:\n            exception_class = ElementClickInterceptedException\n        elif status in ErrorCode.INSECURE_CERTIFICATE:\n            exception_class = InsecureCertificateException\n        elif status in ErrorCode.INVALID_COORDINATES:\n            exception_class = InvalidCoordinatesException\n        elif status in ErrorCode.INVALID_SESSION_ID:\n            exception_class = InvalidSessionIdException\n        elif status in ErrorCode.UNKNOWN_METHOD:\n            exception_class = UnknownMethodException\n        else:\n            exception_class = WebDriverException\n        if not value:\n            value = response['value']\n        if isinstance(value, str):\n            raise exception_class(value)\n        if message == \"\" and 'message' in value:\n            message = value['message']\n    \n        screen = None  # type: ignore[assignment]\n        if 'screen' in value:\n            screen = value['screen']\n    \n        stacktrace = None\n        st_value = value.get('stackTrace') or value.get('stacktrace')\n        if st_value:\n            if isinstance(st_value, str):\n                stacktrace = st_value.split('\\n')\n            else:\n                stacktrace = []\n                try:\n                    for frame in st_value:\n                        line = self._value_or_default(frame, 'lineNumber', '')\n                        file = self._value_or_default(frame, 'fileName', '<anonymous>')\n                        if line:\n                            file = \"%s:%s\" % (file, line)\n                        meth = self._value_or_default(frame, 'methodName', '<anonymous>')\n                        if 'className' in frame:\n                            meth = \"%s.%s\" % (frame['className'], meth)\n                        msg = \"    at %s (%s)\"\n                        msg = msg % (meth, file)\n                        stacktrace.append(msg)\n                except TypeError:\n                    pass\n        if exception_class == UnexpectedAlertPresentException:\n            alert_text = None\n            if 'data' in value:\n                alert_text = value['data'].get('text')\n            elif 'alert' in value:\n                alert_text = value['alert'].get('text')\n            raise exception_class(message, screen, stacktrace, alert_text)  # type: ignore[call-arg]  # mypy is not smart enough here\n>       raise exception_class(message, screen, stacktrace)\nE       selenium.common.exceptions.WebDriverException: Message: unknown error: Chrome failed to start: exited abnormally.\nE         (unknown error: DevToolsActivePort file doesn't exist)\nE         (The process started from chrome location /usr/bin/google-chrome is no longer running, so ChromeDriver is assuming that Chrome has crashed.)\nE       Stacktrace:\nE       #0 0x564454c93ad3 <unknown>\nE       #1 0x5644549f3568 <unknown>\nE       #2 0x564454a16b37 <unknown>\nE       #3 0x564454a1223a <unknown>\nE       #4 0x564454a4d2ba <unknown>\nE       #5 0x564454a474e3 <unknown>\nE       #6 0x564454a1cd1a <unknown>\nE       #7 0x564454a1de75 <unknown>\nE       #8 0x564454cc1efd <unknown>\nE       #9 0x564454cdb19b <unknown>\nE       #10 0x564454cc3c65 <unknown>\nE       #11 0x564454cdbec8 <unknown>\nE       #12 0x564454cb7360 <unknown>\nE       #13 0x564454cf7a68 <unknown>\nE       #14 0x564454cf7be8 <unknown>\nE       #15 0x564454d117fd <unknown>\nE       #16 0x7fdd93865609 <unknown>\n\n../../../.local/lib/python3.8/site-packages/selenium/webdriver/remote/errorhandler.py:247: WebDriverException",
  "flaky" : false,
  "newFailed" : false,
  "beforeStages" : [ {
    "name" : "app",
    "time" : {
      "start" : 1650903803533,
      "stop" : 1650903804249,
      "duration" : 716
    },
    "status" : "broken",
    "statusMessage" : "selenium.common.exceptions.WebDriverException: Message: unknown error: Chrome failed to start: exited abnormally.\n  (unknown error: DevToolsActivePort file doesn't exist)\n  (The process started from chrome location /usr/bin/google-chrome is no longer running, so ChromeDriver is assuming that Chrome has crashed.)\nStacktrace:\n#0 0x564454c93ad3 <unknown>\n#1 0x5644549f3568 <unknown>\n#2 0x564454a16b37 <unknown>\n#3 0x564454a1223a <unknown>\n#4 0x564454a4d2ba <unknown>\n#5 0x564454a474e3 <unknown>\n#6 0x564454a1cd1a <unknown>\n#7 0x564454a1de75 <unknown>\n#8 0x564454cc1efd <unknown>\n#9 0x564454cdb19b <unknown>\n#10 0x564454cc3c65 <unknown>\n#11 0x564454cdbec8 <unknown>\n#12 0x564454cb7360 <unknown>\n#13 0x564454cf7a68 <unknown>\n#14 0x564454cf7be8 <unknown>\n#15 0x564454d117fd <unknown>\n#16 0x7fdd93865609 <unknown>\n\n",
    "statusTrace" : "  File \"/home/runner/.local/lib/python3.8/site-packages/pluggy/_callers.py\", line 39, in _multicall\n    res = hook_impl.function(*args)\n  File \"/home/runner/.local/lib/python3.8/site-packages/_pytest/fixtures.py\", line 1122, in pytest_fixture_setup\n    result = call_fixture_func(fixturefunc, request, kwargs)\n  File \"/home/runner/.local/lib/python3.8/site-packages/_pytest/fixtures.py\", line 917, in call_fixture_func\n    fixture_result = next(generator)\n  File \"/home/runner/work/Test_with_a_team/Test_with_a_team/conftest.py\", line 38, in app\n    driver = webdriver.Chrome(ChromeDriverManager().install(),\n  File \"/home/runner/.local/lib/python3.8/site-packages/selenium/webdriver/chrome/webdriver.py\", line 70, in __init__\n    super(WebDriver, self).__init__(DesiredCapabilities.CHROME['browserName'], \"goog\",\n  File \"/home/runner/.local/lib/python3.8/site-packages/selenium/webdriver/chromium/webdriver.py\", line 93, in __init__\n    RemoteWebDriver.__init__(\n  File \"/home/runner/.local/lib/python3.8/site-packages/selenium/webdriver/remote/webdriver.py\", line 269, in __init__\n    self.start_session(capabilities, browser_profile)\n  File \"/home/runner/.local/lib/python3.8/site-packages/selenium/webdriver/remote/webdriver.py\", line 360, in start_session\n    response = self.execute(Command.NEW_SESSION, parameters)\n  File \"/home/runner/.local/lib/python3.8/site-packages/selenium/webdriver/remote/webdriver.py\", line 425, in execute\n    self.error_handler.check_response(response)\n  File \"/home/runner/.local/lib/python3.8/site-packages/selenium/webdriver/remote/errorhandler.py\", line 247, in check_response\n    raise exception_class(message, screen, stacktrace)\n",
    "steps" : [ ],
    "attachments" : [ ],
    "parameters" : [ ],
    "stepsCount" : 0,
    "attachmentsCount" : 0,
    "shouldDisplayMessage" : true,
    "hasContent" : true
  }, {
    "name" : "_session_faker",
    "time" : {
      "start" : 1650903800184,
      "stop" : 1650903800197,
      "duration" : 13
    },
    "status" : "passed",
    "steps" : [ ],
    "attachments" : [ ],
    "parameters" : [ ],
    "stepsCount" : 0,
    "attachmentsCount" : 0,
    "shouldDisplayMessage" : false,
    "hasContent" : false
  }, {
    "name" : "register_user",
    "time" : {
      "start" : 1650903800197,
      "stop" : 1650903800641,
      "duration" : 444
    },
    "status" : "passed",
    "steps" : [ ],
    "attachments" : [ ],
    "parameters" : [ ],
    "stepsCount" : 0,
    "attachmentsCount" : 0,
    "shouldDisplayMessage" : false,
    "hasContent" : false
  } ],
  "testStage" : {
    "description" : "\n        Пополнение баланса без заполнения даты действия карты.\n        ",
    "status" : "broken",
    "statusMessage" : "selenium.common.exceptions.WebDriverException: Message: unknown error: Chrome failed to start: exited abnormally.\n  (unknown error: DevToolsActivePort file doesn't exist)\n  (The process started from chrome location /usr/bin/google-chrome is no longer running, so ChromeDriver is assuming that Chrome has crashed.)\nStacktrace:\n#0 0x564454c93ad3 <unknown>\n#1 0x5644549f3568 <unknown>\n#2 0x564454a16b37 <unknown>\n#3 0x564454a1223a <unknown>\n#4 0x564454a4d2ba <unknown>\n#5 0x564454a474e3 <unknown>\n#6 0x564454a1cd1a <unknown>\n#7 0x564454a1de75 <unknown>\n#8 0x564454cc1efd <unknown>\n#9 0x564454cdb19b <unknown>\n#10 0x564454cc3c65 <unknown>\n#11 0x564454cdbec8 <unknown>\n#12 0x564454cb7360 <unknown>\n#13 0x564454cf7a68 <unknown>\n#14 0x564454cf7be8 <unknown>\n#15 0x564454d117fd <unknown>\n#16 0x7fdd93865609 <unknown>",
    "statusTrace" : "request = <SubRequest 'app' for <Function test_empty_card_date>>\n\n    @pytest.fixture\n    def app(request):\n        url = request.config.getoption(\"--url\")\n        logger.info(f\"Start app on {url}\")\n        headless = request.config.getoption(\"--headless\")\n        chrome_options = Options()\n        chrome_options.add_argument(\"window-size=1800,1080\")\n        if headless:\n            chrome_options.headless = True\n        else:\n            chrome_options.headless = False\n>       driver = webdriver.Chrome(ChromeDriverManager().install(),\n                                  options=chrome_options)\n\nconftest.py:38: \n_ _ _ _ _ _ _ _ _ _ _ _ _ _ _ _ _ _ _ _ _ _ _ _ _ _ _ _ _ _ _ _ _ _ _ _ _ _ _ _ \n../../../.local/lib/python3.8/site-packages/selenium/webdriver/chrome/webdriver.py:70: in __init__\n    super(WebDriver, self).__init__(DesiredCapabilities.CHROME['browserName'], \"goog\",\n../../../.local/lib/python3.8/site-packages/selenium/webdriver/chromium/webdriver.py:93: in __init__\n    RemoteWebDriver.__init__(\n../../../.local/lib/python3.8/site-packages/selenium/webdriver/remote/webdriver.py:269: in __init__\n    self.start_session(capabilities, browser_profile)\n../../../.local/lib/python3.8/site-packages/selenium/webdriver/remote/webdriver.py:360: in start_session\n    response = self.execute(Command.NEW_SESSION, parameters)\n../../../.local/lib/python3.8/site-packages/selenium/webdriver/remote/webdriver.py:425: in execute\n    self.error_handler.check_response(response)\n_ _ _ _ _ _ _ _ _ _ _ _ _ _ _ _ _ _ _ _ _ _ _ _ _ _ _ _ _ _ _ _ _ _ _ _ _ _ _ _ \n\nself = <selenium.webdriver.remote.errorhandler.ErrorHandler object at 0x7f41442397c0>\nresponse = {'status': 500, 'value': '{\"value\":{\"error\":\"unknown error\",\"message\":\"unknown error: Chrome failed to start: exited a...\\\\n#14 0x564454cf7be8 \\\\u003Cunknown>\\\\n#15 0x564454d117fd \\\\u003Cunknown>\\\\n#16 0x7fdd93865609 \\\\u003Cunknown>\\\\n\"}}'}\n\n    def check_response(self, response: Dict[str, Any]) -> None:\n        \"\"\"\n        Checks that a JSON response from the WebDriver does not have an error.\n    \n        :Args:\n         - response - The JSON response from the WebDriver server as a dictionary\n           object.\n    \n        :Raises: If the response contains an error message.\n        \"\"\"\n        status = response.get('status', None)\n        if not status or status == ErrorCode.SUCCESS:\n            return\n        value = None\n        message = response.get(\"message\", \"\")\n        screen: str = response.get(\"screen\", \"\")\n        stacktrace = None\n        if isinstance(status, int):\n            value_json = response.get('value', None)\n            if value_json and isinstance(value_json, str):\n                import json\n                try:\n                    value = json.loads(value_json)\n                    if len(value.keys()) == 1:\n                        value = value['value']\n                    status = value.get('error', None)\n                    if not status:\n                        status = value.get(\"status\", ErrorCode.UNKNOWN_ERROR)\n                        message = value.get(\"value\") or value.get(\"message\")\n                        if not isinstance(message, str):\n                            value = message\n                            message = message.get('message')\n                    else:\n                        message = value.get('message', None)\n                except ValueError:\n                    pass\n    \n        exception_class: Type[WebDriverException]\n        if status in ErrorCode.NO_SUCH_ELEMENT:\n            exception_class = NoSuchElementException\n        elif status in ErrorCode.NO_SUCH_FRAME:\n            exception_class = NoSuchFrameException\n        elif status in ErrorCode.NO_SUCH_SHADOW_ROOT:\n            exception_class = NoSuchShadowRootException\n        elif status in ErrorCode.NO_SUCH_WINDOW:\n            exception_class = NoSuchWindowException\n        elif status in ErrorCode.STALE_ELEMENT_REFERENCE:\n            exception_class = StaleElementReferenceException\n        elif status in ErrorCode.ELEMENT_NOT_VISIBLE:\n            exception_class = ElementNotVisibleException\n        elif status in ErrorCode.INVALID_ELEMENT_STATE:\n            exception_class = InvalidElementStateException\n        elif status in ErrorCode.INVALID_SELECTOR \\\n                or status in ErrorCode.INVALID_XPATH_SELECTOR \\\n                or status in ErrorCode.INVALID_XPATH_SELECTOR_RETURN_TYPER:\n            exception_class = InvalidSelectorException\n        elif status in ErrorCode.ELEMENT_IS_NOT_SELECTABLE:\n            exception_class = ElementNotSelectableException\n        elif status in ErrorCode.ELEMENT_NOT_INTERACTABLE:\n            exception_class = ElementNotInteractableException\n        elif status in ErrorCode.INVALID_COOKIE_DOMAIN:\n            exception_class = InvalidCookieDomainException\n        elif status in ErrorCode.UNABLE_TO_SET_COOKIE:\n            exception_class = UnableToSetCookieException\n        elif status in ErrorCode.TIMEOUT:\n            exception_class = TimeoutException\n        elif status in ErrorCode.SCRIPT_TIMEOUT:\n            exception_class = TimeoutException\n        elif status in ErrorCode.UNKNOWN_ERROR:\n            exception_class = WebDriverException\n        elif status in ErrorCode.UNEXPECTED_ALERT_OPEN:\n            exception_class = UnexpectedAlertPresentException\n        elif status in ErrorCode.NO_ALERT_OPEN:\n            exception_class = NoAlertPresentException\n        elif status in ErrorCode.IME_NOT_AVAILABLE:\n            exception_class = ImeNotAvailableException\n        elif status in ErrorCode.IME_ENGINE_ACTIVATION_FAILED:\n            exception_class = ImeActivationFailedException\n        elif status in ErrorCode.MOVE_TARGET_OUT_OF_BOUNDS:\n            exception_class = MoveTargetOutOfBoundsException\n        elif status in ErrorCode.JAVASCRIPT_ERROR:\n            exception_class = JavascriptException\n        elif status in ErrorCode.SESSION_NOT_CREATED:\n            exception_class = SessionNotCreatedException\n        elif status in ErrorCode.INVALID_ARGUMENT:\n            exception_class = InvalidArgumentException\n        elif status in ErrorCode.NO_SUCH_COOKIE:\n            exception_class = NoSuchCookieException\n        elif status in ErrorCode.UNABLE_TO_CAPTURE_SCREEN:\n            exception_class = ScreenshotException\n        elif status in ErrorCode.ELEMENT_CLICK_INTERCEPTED:\n            exception_class = ElementClickInterceptedException\n        elif status in ErrorCode.INSECURE_CERTIFICATE:\n            exception_class = InsecureCertificateException\n        elif status in ErrorCode.INVALID_COORDINATES:\n            exception_class = InvalidCoordinatesException\n        elif status in ErrorCode.INVALID_SESSION_ID:\n            exception_class = InvalidSessionIdException\n        elif status in ErrorCode.UNKNOWN_METHOD:\n            exception_class = UnknownMethodException\n        else:\n            exception_class = WebDriverException\n        if not value:\n            value = response['value']\n        if isinstance(value, str):\n            raise exception_class(value)\n        if message == \"\" and 'message' in value:\n            message = value['message']\n    \n        screen = None  # type: ignore[assignment]\n        if 'screen' in value:\n            screen = value['screen']\n    \n        stacktrace = None\n        st_value = value.get('stackTrace') or value.get('stacktrace')\n        if st_value:\n            if isinstance(st_value, str):\n                stacktrace = st_value.split('\\n')\n            else:\n                stacktrace = []\n                try:\n                    for frame in st_value:\n                        line = self._value_or_default(frame, 'lineNumber', '')\n                        file = self._value_or_default(frame, 'fileName', '<anonymous>')\n                        if line:\n                            file = \"%s:%s\" % (file, line)\n                        meth = self._value_or_default(frame, 'methodName', '<anonymous>')\n                        if 'className' in frame:\n                            meth = \"%s.%s\" % (frame['className'], meth)\n                        msg = \"    at %s (%s)\"\n                        msg = msg % (meth, file)\n                        stacktrace.append(msg)\n                except TypeError:\n                    pass\n        if exception_class == UnexpectedAlertPresentException:\n            alert_text = None\n            if 'data' in value:\n                alert_text = value['data'].get('text')\n            elif 'alert' in value:\n                alert_text = value['alert'].get('text')\n            raise exception_class(message, screen, stacktrace, alert_text)  # type: ignore[call-arg]  # mypy is not smart enough here\n>       raise exception_class(message, screen, stacktrace)\nE       selenium.common.exceptions.WebDriverException: Message: unknown error: Chrome failed to start: exited abnormally.\nE         (unknown error: DevToolsActivePort file doesn't exist)\nE         (The process started from chrome location /usr/bin/google-chrome is no longer running, so ChromeDriver is assuming that Chrome has crashed.)\nE       Stacktrace:\nE       #0 0x564454c93ad3 <unknown>\nE       #1 0x5644549f3568 <unknown>\nE       #2 0x564454a16b37 <unknown>\nE       #3 0x564454a1223a <unknown>\nE       #4 0x564454a4d2ba <unknown>\nE       #5 0x564454a474e3 <unknown>\nE       #6 0x564454a1cd1a <unknown>\nE       #7 0x564454a1de75 <unknown>\nE       #8 0x564454cc1efd <unknown>\nE       #9 0x564454cdb19b <unknown>\nE       #10 0x564454cc3c65 <unknown>\nE       #11 0x564454cdbec8 <unknown>\nE       #12 0x564454cb7360 <unknown>\nE       #13 0x564454cf7a68 <unknown>\nE       #14 0x564454cf7be8 <unknown>\nE       #15 0x564454d117fd <unknown>\nE       #16 0x7fdd93865609 <unknown>\n\n../../../.local/lib/python3.8/site-packages/selenium/webdriver/remote/errorhandler.py:247: WebDriverException",
    "steps" : [ ],
    "attachments" : [ {
      "uid" : "ff07cbfc75f0b716",
      "name" : "log",
      "source" : "ff07cbfc75f0b716.txt",
      "type" : "text/plain",
      "size" : 438
    }, {
      "uid" : "612c112263d8c7d8",
      "name" : "stderr",
      "source" : "612c112263d8c7d8.txt",
      "type" : "text/plain",
      "size" : 237
    } ],
    "parameters" : [ ],
    "stepsCount" : 0,
    "attachmentsCount" : 2,
    "shouldDisplayMessage" : true,
    "hasContent" : true
  },
  "afterStages" : [ ],
  "labels" : [ {
    "name" : "feature",
    "value" : "Test card"
  }, {
    "name" : "story",
    "value" : "Test balance"
  }, {
    "name" : "parentSuite",
    "value" : "test"
  }, {
    "name" : "suite",
    "value" : "test_balance_page"
  }, {
    "name" : "subSuite",
    "value" : "TestBalancePage"
  }, {
    "name" : "host",
    "value" : "fv-az292-76"
  }, {
    "name" : "thread",
    "value" : "2219-MainThread"
  }, {
    "name" : "framework",
    "value" : "pytest"
  }, {
    "name" : "language",
    "value" : "cpython3"
  }, {
    "name" : "package",
    "value" : "test.test_balance_page"
  }, {
    "name" : "resultFormat",
    "value" : "allure2"
  } ],
  "parameters" : [ ],
  "links" : [ ],
  "hidden" : false,
  "retry" : false,
  "extra" : {
    "severity" : "normal",
    "retries" : [ ],
    "categories" : [ {
      "name" : "Test defects",
      "matchedStatuses" : [ ],
      "flaky" : false
    } ],
    "history" : {
      "statistic" : {
        "failed" : 0,
        "broken" : 6,
        "skipped" : 0,
        "passed" : 0,
        "unknown" : 0,
        "total" : 6
      },
      "items" : [ {
        "uid" : "c36f8a8c47d2b4c2",
        "reportUrl" : "https://ArkadiyVoronov.github.io/Test_with_a_team/9//#testresult/c36f8a8c47d2b4c2",
        "status" : "broken",
        "statusDetails" : "selenium.common.exceptions.WebDriverException: Message: unknown error: Chrome failed to start: exited abnormally.\n  (unknown error: DevToolsActivePort file doesn't exist)\n  (The process started from chrome location /usr/bin/google-chrome is no longer running, so ChromeDriver is assuming that Chrome has crashed.)\nStacktrace:\n#0 0x55a562c24ad3 <unknown>\n#1 0x55a562984568 <unknown>\n#2 0x55a5629a7b37 <unknown>\n#3 0x55a5629a323a <unknown>\n#4 0x55a5629de2ba <unknown>\n#5 0x55a5629d84e3 <unknown>\n#6 0x55a5629add1a <unknown>\n#7 0x55a5629aee75 <unknown>\n#8 0x55a562c52efd <unknown>\n#9 0x55a562c6c19b <unknown>\n#10 0x55a562c54c65 <unknown>\n#11 0x55a562c6cec8 <unknown>\n#12 0x55a562c48360 <unknown>\n#13 0x55a562c88a68 <unknown>\n#14 0x55a562c88be8 <unknown>\n#15 0x55a562ca27fd <unknown>\n#16 0x7fa745ab0609 <unknown>",
        "time" : {
          "start" : 1650554002673,
          "stop" : 1650554002673,
          "duration" : 0
        }
      }, {
        "uid" : "1577b0717d91d1d7",
        "reportUrl" : "https://ArkadiyVoronov.github.io/Test_with_a_team/8//#testresult/1577b0717d91d1d7",
        "status" : "broken",
        "statusDetails" : "selenium.common.exceptions.WebDriverException: Message: unknown error: Chrome failed to start: exited abnormally.\n  (unknown error: DevToolsActivePort file doesn't exist)\n  (The process started from chrome location /usr/bin/google-chrome is no longer running, so ChromeDriver is assuming that Chrome has crashed.)\nStacktrace:\n#0 0x56105f3e2ad3 <unknown>\n#1 0x56105f142568 <unknown>\n#2 0x56105f165b37 <unknown>\n#3 0x56105f16123a <unknown>\n#4 0x56105f19c2ba <unknown>\n#5 0x56105f1964e3 <unknown>\n#6 0x56105f16bd1a <unknown>\n#7 0x56105f16ce75 <unknown>\n#8 0x56105f410efd <unknown>\n#9 0x56105f42a19b <unknown>\n#10 0x56105f412c65 <unknown>\n#11 0x56105f42aec8 <unknown>\n#12 0x56105f406360 <unknown>\n#13 0x56105f446a68 <unknown>\n#14 0x56105f446be8 <unknown>\n#15 0x56105f4607fd <unknown>\n#16 0x7f3e3cdaf609 <unknown>",
        "time" : {
          "start" : 1650553925880,
          "stop" : 1650553925880,
          "duration" : 0
        }
      }, {
        "uid" : "4948679e3e2c3f1",
        "reportUrl" : "https://ArkadiyVoronov.github.io/Test_with_a_team/7//#testresult/4948679e3e2c3f1",
        "status" : "broken",
        "statusDetails" : "selenium.common.exceptions.WebDriverException: Message: unknown error: Chrome failed to start: exited abnormally.\n  (unknown error: DevToolsActivePort file doesn't exist)\n  (The process started from chrome location /usr/bin/google-chrome is no longer running, so ChromeDriver is assuming that Chrome has crashed.)\nStacktrace:\n#0 0x55bfd660ead3 <unknown>\n#1 0x55bfd636e568 <unknown>\n#2 0x55bfd6391b37 <unknown>\n#3 0x55bfd638d23a <unknown>\n#4 0x55bfd63c82ba <unknown>\n#5 0x55bfd63c24e3 <unknown>\n#6 0x55bfd6397d1a <unknown>\n#7 0x55bfd6398e75 <unknown>\n#8 0x55bfd663cefd <unknown>\n#9 0x55bfd665619b <unknown>\n#10 0x55bfd663ec65 <unknown>\n#11 0x55bfd6656ec8 <unknown>\n#12 0x55bfd6632360 <unknown>\n#13 0x55bfd6672a68 <unknown>\n#14 0x55bfd6672be8 <unknown>\n#15 0x55bfd668c7fd <unknown>\n#16 0x7f1e9c6c6609 <unknown>",
        "time" : {
          "start" : 1650553742019,
          "stop" : 1650553742019,
          "duration" : 0
        }
      }, {
        "uid" : "a374752bda2acfec",
        "reportUrl" : "https://ArkadiyVoronov.github.io/Test_with_a_team/6//#testresult/a374752bda2acfec",
        "status" : "broken",
        "statusDetails" : "selenium.common.exceptions.WebDriverException: Message: unknown error: Chrome failed to start: exited abnormally.\n  (unknown error: DevToolsActivePort file doesn't exist)\n  (The process started from chrome location /usr/bin/google-chrome is no longer running, so ChromeDriver is assuming that Chrome has crashed.)\nStacktrace:\n#0 0x55be56dc4ad3 <unknown>\n#1 0x55be56b24568 <unknown>\n#2 0x55be56b47b37 <unknown>\n#3 0x55be56b4323a <unknown>\n#4 0x55be56b7e2ba <unknown>\n#5 0x55be56b784e3 <unknown>\n#6 0x55be56b4dd1a <unknown>\n#7 0x55be56b4ee75 <unknown>\n#8 0x55be56df2efd <unknown>\n#9 0x55be56e0c19b <unknown>\n#10 0x55be56df4c65 <unknown>\n#11 0x55be56e0cec8 <unknown>\n#12 0x55be56de8360 <unknown>\n#13 0x55be56e28a68 <unknown>\n#14 0x55be56e28be8 <unknown>\n#15 0x55be56e427fd <unknown>\n#16 0x7f9021e89609 <unknown>",
        "time" : {
          "start" : 1650553586877,
          "stop" : 1650553586877,
          "duration" : 0
        }
      }, {
        "uid" : "6f7a361609e00d87",
        "reportUrl" : "https://ArkadiyVoronov.github.io/Test_with_a_team/4//#testresult/6f7a361609e00d87",
        "status" : "broken",
        "statusDetails" : "selenium.common.exceptions.WebDriverException: Message: unknown error: Chrome failed to start: exited abnormally.\n  (unknown error: DevToolsActivePort file doesn't exist)\n  (The process started from chrome location /usr/bin/google-chrome is no longer running, so ChromeDriver is assuming that Chrome has crashed.)\nStacktrace:\n#0 0x55f32ffbbad3 <unknown>\n#1 0x55f32fd1b568 <unknown>\n#2 0x55f32fd3eb37 <unknown>\n#3 0x55f32fd3a23a <unknown>\n#4 0x55f32fd752ba <unknown>\n#5 0x55f32fd6f4e3 <unknown>\n#6 0x55f32fd44d1a <unknown>\n#7 0x55f32fd45e75 <unknown>\n#8 0x55f32ffe9efd <unknown>\n#9 0x55f33000319b <unknown>\n#10 0x55f32ffebc65 <unknown>\n#11 0x55f330003ec8 <unknown>\n#12 0x55f32ffdf360 <unknown>\n#13 0x55f33001fa68 <unknown>\n#14 0x55f33001fbe8 <unknown>\n#15 0x55f3300397fd <unknown>\n#16 0x7f02f26df609 <unknown>",
        "time" : {
          "start" : 1650552885259,
          "stop" : 1650552885259,
          "duration" : 0
        }
      } ]
    },
    "tags" : [ ]
  },
  "source" : "562c9753c85b6338.json",
  "parameterValues" : [ ]
}